nohup: ignoring input
wandb: [wandb.login()] Using explicit session credentials for https://api.wandb.ai.
wandb: Appending key for api.wandb.ai to your netrc file: /home/santiago/.netrc
wandb: Currently logged in as: santiago-florido (TAU-Frugal) to https://api.wandb.ai. Use `wandb login --relogin` to force relogin
wandb: Tracking run with wandb version 0.28.0
wandb: Run data is saved locally in results/wandb/run-20260713_121559-vi64l1gp
wandb: Run `wandb offline` to turn off syncing.
wandb: Syncing run mnist_fgd_grow_3x2_th020
wandb: ⭐️ View project at https://wandb.ai/TAU-Frugal/stable-tiny
wandb: 🚀 View run at https://wandb.ai/TAU-Frugal/stable-tiny/runs/vi64l1gp
Using device: cuda
Training method: fgd_approx
W&B logging enabled: project=stable-tiny, run=mnist_fgd_grow_3x2_th020
Original model:
LinearGrowingModule(LinearGrowingModule(Layer 0))(in_features=784, out_features=2, use_bias=True)
LinearGrowingModule(LinearGrowingModule(Layer 1))(in_features=2, out_features=2, use_bias=True)
LinearGrowingModule(LinearGrowingModule(Layer 2))(in_features=2, out_features=2, use_bias=True)
LinearGrowingModule(LinearGrowingModule(Layer 3))(in_features=2, out_features=10, use_bias=True)
[INIT] Epoch 0, train_loss=0.4646, validation_loss=0.4626, test_loss=0.4601, train_acc=0.072, validation_acc=0.083, test_acc=0.091
[FGD] Epoch 1, train_loss=0.3356, validation_loss=0.3335, test_loss=0.3313 (-0.1288), train_acc=0.083, validation_acc=0.092, test_acc=0.101, lr=0.0007434, rel_err=0.508, selected_layer=0
[FGD-WARN] Epoch 1: relative-error condition failed; learning-rate interval invalid; learning-rate clipped on 3 batch(es); skipped 22 batch(es); FGD conditions request growth
[GRO] Growing layer 2 at epoch 1
  scaling=0, train_loss=0.3356
  scaling=1, train_loss=0.3324
  scaling=0.381966, train_loss=0.3343
  scaling=0.618034, train_loss=0.3329
  scaling=0.763932, train_loss=0.3323
  scaling=0.854102, train_loss=0.3321
  scaling=0.90983, train_loss=0.3321
  scaling=0.81966, train_loss=0.3322
  scaling=0.875388, train_loss=0.3321
  scaling=0.888544, train_loss=0.3321
  scaling=0.867258, train_loss=0.3321
  scaling=0.880413, train_loss=0.3321
  scaling=0.872283, train_loss=0.3321
  scaling=0.870363, train_loss=0.3321
  scaling=0.869177, train_loss=0.3321
  scaling=0.871096, train_loss=0.3321
[GRO] Epoch 1, train_loss=0.3321, validation_loss=0.3300, test_loss=0.3278 (-0.0035), train_acc=0.108, validation_acc=0.110, test_acc=0.124, scaling=0.8711
Model after growing:
LinearGrowingModule(LinearGrowingModule(Layer 0))(in_features=784, out_features=2, use_bias=True)
LinearGrowingModule(LinearGrowingModule(Layer 1))(in_features=2, out_features=2, use_bias=True)
LinearGrowingModule(LinearGrowingModule(Layer 2))(in_features=2, out_features=4, use_bias=True)
LinearGrowingModule(LinearGrowingModule(Layer 3))(in_features=4, out_features=10, use_bias=True)
[FGD] Epoch 2, train_loss=0.2728, validation_loss=0.2711, test_loss=0.2692 (-0.0586), train_acc=0.116, validation_acc=0.119, test_acc=0.132, lr=0.0004033, rel_err=0.541, selected_layer=0
[FGD-WARN] Epoch 2: relative-error condition failed; learning-rate interval invalid; learning-rate clipped on 3 batch(es); skipped 32 batch(es); FGD conditions request growth
[GRO] Growing layer 0 at epoch 2
  scaling=0, train_loss=0.2728
  scaling=1, train_loss=0.3384
  scaling=0.381966, train_loss=0.2647
  scaling=0.618034, train_loss=0.2688
  scaling=0.236068, train_loss=0.2684
  scaling=0.472136, train_loss=0.2642
  scaling=0.527864, train_loss=0.2650
  scaling=0.437694, train_loss=0.2642
  scaling=0.416408, train_loss=0.2643
  scaling=0.45085, train_loss=0.2642
  scaling=0.45898, train_loss=0.2642
  scaling=0.445825, train_loss=0.2642
  scaling=0.453955, train_loss=0.2642
  scaling=0.44893, train_loss=0.2642
  scaling=0.452036, train_loss=0.2642
  scaling=0.452769, train_loss=0.2642
[GRO] Epoch 2, train_loss=0.2642, validation_loss=0.2638, test_loss=0.2615 (-0.0077), train_acc=0.184, validation_acc=0.194, test_acc=0.194, scaling=0.452
Model after growing:
LinearGrowingModule(LinearGrowingModule(Layer 0))(in_features=784, out_features=4, use_bias=True)
LinearGrowingModule(LinearGrowingModule(Layer 1))(in_features=4, out_features=2, use_bias=True)
LinearGrowingModule(LinearGrowingModule(Layer 2))(in_features=2, out_features=4, use_bias=True)
LinearGrowingModule(LinearGrowingModule(Layer 3))(in_features=4, out_features=10, use_bias=True)
[FGD] Epoch 3, train_loss=0.2568, validation_loss=0.2562, test_loss=0.2541 (-0.0073), train_acc=0.184, validation_acc=0.193, test_acc=0.195, lr=6.369e-05, rel_err=0.561, selected_layer=1
[FGD-WARN] Epoch 3: relative-error condition failed; learning-rate interval invalid; skipped 32 batch(es); FGD conditions request growth
[GRO] Growing layer 1 at epoch 3
  scaling=0, train_loss=0.2568
  scaling=1, train_loss=0.2869
  scaling=0.381966, train_loss=0.2498
  scaling=0.618034, train_loss=0.2485
  scaling=0.763932, train_loss=0.2551
  scaling=0.527864, train_loss=0.2478
  scaling=0.472136, train_loss=0.2482
  scaling=0.562306, train_loss=0.2478
  scaling=0.506578, train_loss=0.2478
  scaling=0.54102, train_loss=0.2477
  scaling=0.54915, train_loss=0.2478
  scaling=0.535995, train_loss=0.2477
  scaling=0.532889, train_loss=0.2477
  scaling=0.537914, train_loss=0.2477
  scaling=0.5391, train_loss=0.2477
  scaling=0.537181, train_loss=0.2477
[GRO] Epoch 3, train_loss=0.2477, validation_loss=0.2480, test_loss=0.2469 (-0.0072), train_acc=0.224, validation_acc=0.248, test_acc=0.239, scaling=0.5379
Model after growing:
LinearGrowingModule(LinearGrowingModule(Layer 0))(in_features=784, out_features=4, use_bias=True)
LinearGrowingModule(LinearGrowingModule(Layer 1))(in_features=4, out_features=6, use_bias=True)
LinearGrowingModule(LinearGrowingModule(Layer 2))(in_features=6, out_features=4, use_bias=True)
LinearGrowingModule(LinearGrowingModule(Layer 3))(in_features=4, out_features=10, use_bias=True)
[FGD] Epoch 4, train_loss=0.2058, validation_loss=0.2055, test_loss=0.2049 (-0.0420), train_acc=0.219, validation_acc=0.242, test_acc=0.227, lr=0.0004697, rel_err=0.544, selected_layer=0
[FGD-WARN] Epoch 4: relative-error condition failed; learning-rate interval invalid; learning-rate clipped on 3 batch(es); skipped 31 batch(es); FGD conditions request growth
[GRO] Growing layer 2 at epoch 4
  scaling=0, train_loss=0.2058
  scaling=1, train_loss=0.2031
  scaling=0.381966, train_loss=0.2040
  scaling=0.618034, train_loss=0.2022
  scaling=0.763932, train_loss=0.2017
  scaling=0.854102, train_loss=0.2018
  scaling=0.708204, train_loss=0.2018
  scaling=0.798374, train_loss=0.2017
  scaling=0.81966, train_loss=0.2017
  scaling=0.785218, train_loss=0.2017
  scaling=0.777088, train_loss=0.2017
  scaling=0.790243, train_loss=0.2017
  scaling=0.782113, train_loss=0.2017
  scaling=0.787138, train_loss=0.2017
  scaling=0.784032, train_loss=0.2017
  scaling=0.785951, train_loss=0.2017
[GRO] Epoch 4, train_loss=0.2017, validation_loss=0.2013, test_loss=0.2014 (-0.0035), train_acc=0.259, validation_acc=0.281, test_acc=0.270, scaling=0.7852
Model after growing:
LinearGrowingModule(LinearGrowingModule(Layer 0))(in_features=784, out_features=4, use_bias=True)
LinearGrowingModule(LinearGrowingModule(Layer 1))(in_features=4, out_features=6, use_bias=True)
LinearGrowingModule(LinearGrowingModule(Layer 2))(in_features=6, out_features=10, use_bias=True)
LinearGrowingModule(LinearGrowingModule(Layer 3))(in_features=10, out_features=10, use_bias=True)
[FGD] Epoch 5, train_loss=0.0789, validation_loss=0.0799, test_loss=0.0804 (-0.1210), train_acc=0.579, validation_acc=0.587, test_acc=0.581, lr=0.003087, rel_err=0.453, selected_layer=0
[FGD-WARN] Epoch 5: relative-error condition failed; learning-rate interval invalid; learning-rate clipped on 3 batch(es); skipped 6 batch(es); FGD conditions request growth
[GRO] Growing layer 0 at epoch 5
  scaling=0, train_loss=0.0789
  scaling=1, train_loss=1095.3423
  scaling=0.381966, train_loss=23.5920
  scaling=0.618034, train_loss=160.2357
  scaling=0.236068, train_loss=3.5572
  scaling=0.145898, train_loss=0.6060
  scaling=0.0901699, train_loss=0.1638
  scaling=0.0557281, train_loss=0.0900
  scaling=0.0344419, train_loss=0.0767
  scaling=0.0212862, train_loss=0.0762
  scaling=0.0131556, train_loss=0.0775
  scaling=0.0263112, train_loss=0.0759
  scaling=0.0294169, train_loss=0.0760
  scaling=0.0243919, train_loss=0.0760
  scaling=0.0274975, train_loss=0.0759
  scaling=0.0255781, train_loss=0.0759
[GRO] Epoch 5, train_loss=0.0759, validation_loss=0.0793, test_loss=0.0780 (-0.0023), train_acc=0.617, validation_acc=0.618, test_acc=0.615, scaling=0.02631
Model after growing:
LinearGrowingModule(LinearGrowingModule(Layer 0))(in_features=784, out_features=10, use_bias=True)
LinearGrowingModule(LinearGrowingModule(Layer 1))(in_features=10, out_features=6, use_bias=True)
LinearGrowingModule(LinearGrowingModule(Layer 2))(in_features=6, out_features=10, use_bias=True)
LinearGrowingModule(LinearGrowingModule(Layer 3))(in_features=10, out_features=10, use_bias=True)
[FGD] Epoch 6, train_loss=0.0832, validation_loss=0.0926, test_loss=0.0863 (+0.0083), train_acc=0.656, validation_acc=0.642, test_acc=0.642, lr=0.01, rel_err=0.171, selected_layer=0
[FGD-WARN] Epoch 6: relative-error condition failed; global-convergence bound failed; FGD conditions request growth
[GRO] Growing layer 2 at epoch 6
  scaling=0, train_loss=0.0832
  scaling=1, train_loss=0.0926
  scaling=0.381966, train_loss=0.0839
  scaling=0.618034, train_loss=0.0856
  scaling=0.236068, train_loss=0.0834
  scaling=0.145898, train_loss=0.0833
  scaling=0.0901699, train_loss=0.0832
  scaling=0.0557281, train_loss=0.0832
  scaling=0.0344419, train_loss=0.0832
  scaling=0.0212862, train_loss=0.0832
  scaling=0.0131556, train_loss=0.0832
  scaling=0.00813062, train_loss=0.0832
  scaling=0.005025, train_loss=0.0832
  scaling=0.00310562, train_loss=0.0832
  scaling=0.00191938, train_loss=0.0832
  scaling=0.00118624, train_loss=0.0832
[GRO] Epoch 6, train_loss=0.0832, validation_loss=0.0926, test_loss=0.0863 (+0.0000), train_acc=0.656, validation_acc=0.642, test_acc=0.642, scaling=0.001186
Model after growing:
LinearGrowingModule(LinearGrowingModule(Layer 0))(in_features=784, out_features=10, use_bias=True)
LinearGrowingModule(LinearGrowingModule(Layer 1))(in_features=10, out_features=6, use_bias=True)
LinearGrowingModule(LinearGrowingModule(Layer 2))(in_features=6, out_features=16, use_bias=True)
LinearGrowingModule(LinearGrowingModule(Layer 3))(in_features=16, out_features=10, use_bias=True)
[FGD] Epoch 7, train_loss=0.0593, validation_loss=0.0658, test_loss=0.0614 (-0.0249), train_acc=0.745, validation_acc=0.739, test_acc=0.731, lr=0.01, rel_err=0.129, selected_layer=0
[FGD] Epoch 8, train_loss=0.0469, validation_loss=0.0510, test_loss=0.0490 (-0.0124), train_acc=0.774, validation_acc=0.766, test_acc=0.756, lr=0.009968, rel_err=0.115, selected_layer=0
[FGD-WARN] Epoch 8: learning-rate clipped on 1 batch(es)
[FGD] Epoch 9, train_loss=0.0400, validation_loss=0.0429, test_loss=0.0421 (-0.0070), train_acc=0.798, validation_acc=0.789, test_acc=0.785, lr=0.005, rel_err=0.114, selected_layer=0
[FGD] Epoch 10, train_loss=0.0373, validation_loss=0.0398, test_loss=0.0392 (-0.0028), train_acc=0.811, validation_acc=0.794, test_acc=0.793, lr=0.005, rel_err=0.112, selected_layer=1
[FGD-WARN] Epoch 10: relative-error condition failed; FGD conditions request growth
[GRO] Growing layer 2 at epoch 10
  scaling=0, train_loss=0.0373
  scaling=1, train_loss=0.0374
  scaling=0.381966, train_loss=0.0373
  scaling=0.618034, train_loss=0.0373
  scaling=0.236068, train_loss=0.0373
  scaling=0.145898, train_loss=0.0373
  scaling=0.0901699, train_loss=0.0373
  scaling=0.0557281, train_loss=0.0373
  scaling=0.0344419, train_loss=0.0373
  scaling=0.0688837, train_loss=0.0373
  scaling=0.0475975, train_loss=0.0373
  scaling=0.0607531, train_loss=0.0373
  scaling=0.0526225, train_loss=0.0373
  scaling=0.0576475, train_loss=0.0373
  scaling=0.0545418, train_loss=0.0373
  scaling=0.0564612, train_loss=0.0373
[GRO] Epoch 10, train_loss=0.0373, validation_loss=0.0398, test_loss=0.0392 (+0.0000), train_acc=0.811, validation_acc=0.794, test_acc=0.793, scaling=0.05573
Model after growing:
LinearGrowingModule(LinearGrowingModule(Layer 0))(in_features=784, out_features=10, use_bias=True)
LinearGrowingModule(LinearGrowingModule(Layer 1))(in_features=10, out_features=6, use_bias=True)
LinearGrowingModule(LinearGrowingModule(Layer 2))(in_features=6, out_features=21, use_bias=True)
LinearGrowingModule(LinearGrowingModule(Layer 3))(in_features=21, out_features=10, use_bias=True)
[FGD] Epoch 11, train_loss=0.0361, validation_loss=0.0392, test_loss=0.0386 (-0.0006), train_acc=0.818, validation_acc=0.797, test_acc=0.792, lr=0.01, rel_err=0.085, selected_layer=1
[FGD-WARN] Epoch 11: global-convergence bound failed; FGD conditions request growth
[GRO] Growing layer 2 at epoch 11
  scaling=0, train_loss=0.0361
  scaling=1, train_loss=0.0361
  scaling=0.381966, train_loss=0.0361
  scaling=0.618034, train_loss=0.0361
  scaling=0.763932, train_loss=0.0361
  scaling=0.854102, train_loss=0.0361
  scaling=0.90983, train_loss=0.0361
  scaling=0.944272, train_loss=0.0361
  scaling=0.888544, train_loss=0.0361
  scaling=0.922986, train_loss=0.0361
  scaling=0.901699, train_loss=0.0361
  scaling=0.914855, train_loss=0.0361
  scaling=0.906724, train_loss=0.0361
  scaling=0.911749, train_loss=0.0361
  scaling=0.908644, train_loss=0.0361
  scaling=0.910563, train_loss=0.0361
[GRO] Epoch 11, train_loss=0.0361, validation_loss=0.0392, test_loss=0.0386 (+0.0000), train_acc=0.817, validation_acc=0.797, test_acc=0.792, scaling=0.9098
Model after growing:
LinearGrowingModule(LinearGrowingModule(Layer 0))(in_features=784, out_features=10, use_bias=True)
LinearGrowingModule(LinearGrowingModule(Layer 1))(in_features=10, out_features=6, use_bias=True)
LinearGrowingModule(LinearGrowingModule(Layer 2))(in_features=6, out_features=26, use_bias=True)
LinearGrowingModule(LinearGrowingModule(Layer 3))(in_features=26, out_features=10, use_bias=True)
[FGD] Epoch 12, train_loss=0.0337, validation_loss=0.0367, test_loss=0.0366 (-0.0020), train_acc=0.829, validation_acc=0.807, test_acc=0.802, lr=0.01, rel_err=0.066, selected_layer=1
[FGD] Epoch 13, train_loss=0.0327, validation_loss=0.0355, test_loss=0.0355 (-0.0012), train_acc=0.837, validation_acc=0.819, test_acc=0.815, lr=0.004626, rel_err=0.066, selected_layer=1
[FGD-WARN] Epoch 13: learning-rate clipped on 1 batch(es)
[FGD] Epoch 14, train_loss=0.0326, validation_loss=0.0353, test_loss=0.0353 (-0.0002), train_acc=0.838, validation_acc=0.818, test_acc=0.815, lr=0.000426, rel_err=0.065, selected_layer=1
[FGD-WARN] Epoch 14: learning-rate clipped on 1 batch(es)
[FGD] Epoch 15, train_loss=0.0325, validation_loss=0.0352, test_loss=0.0352 (-0.0001), train_acc=0.839, validation_acc=0.818, test_acc=0.815, lr=0.0003125, rel_err=0.066, selected_layer=1
[FGD] Epoch 16, train_loss=0.0323, validation_loss=0.0351, test_loss=0.0351 (-0.0001), train_acc=0.839, validation_acc=0.820, test_acc=0.819, lr=0.0002515, rel_err=0.065, selected_layer=1
[FGD-WARN] Epoch 16: learning-rate clipped on 1 batch(es)
[FGD] Epoch 17, train_loss=0.0323, validation_loss=0.0351, test_loss=0.0350 (-0.0000), train_acc=0.839, validation_acc=0.821, test_acc=0.819, lr=3.906e-05, rel_err=0.065, selected_layer=1
[FGD] Epoch 18, train_loss=0.0323, validation_loss=0.0351, test_loss=0.0350 (-0.0000), train_acc=0.839, validation_acc=0.821, test_acc=0.819, lr=3.906e-05, rel_err=0.065, selected_layer=1
[FGD] Epoch 19, train_loss=0.0323, validation_loss=0.0351, test_loss=0.0350 (-0.0000), train_acc=0.839, validation_acc=0.822, test_acc=0.819, lr=3.906e-05, rel_err=0.065, selected_layer=1
[FGD] Epoch 20, train_loss=0.0323, validation_loss=0.0350, test_loss=0.0350 (-0.0000), train_acc=0.840, validation_acc=0.822, test_acc=0.819, lr=3.906e-05, rel_err=0.065, selected_layer=1
[FGD] Epoch 21, train_loss=0.0323, validation_loss=0.0350, test_loss=0.0350 (-0.0000), train_acc=0.840, validation_acc=0.822, test_acc=0.819, lr=3.906e-05, rel_err=0.065, selected_layer=1
[FGD] Epoch 22, train_loss=0.0323, validation_loss=0.0350, test_loss=0.0350 (-0.0000), train_acc=0.840, validation_acc=0.822, test_acc=0.819, lr=3.906e-05, rel_err=0.065, selected_layer=1
[FGD] Epoch 23, train_loss=0.0322, validation_loss=0.0350, test_loss=0.0350 (-0.0000), train_acc=0.840, validation_acc=0.822, test_acc=0.819, lr=3.881e-05, rel_err=0.065, selected_layer=1
[FGD] Epoch 24, train_loss=0.0322, validation_loss=0.0350, test_loss=0.0349 (-0.0000), train_acc=0.840, validation_acc=0.822, test_acc=0.819, lr=3.906e-05, rel_err=0.065, selected_layer=1
[FGD] Epoch 25, train_loss=0.0322, validation_loss=0.0350, test_loss=0.0349 (-0.0000), train_acc=0.840, validation_acc=0.822, test_acc=0.820, lr=3.906e-05, rel_err=0.065, selected_layer=1
[FGD] Epoch 26, train_loss=0.0322, validation_loss=0.0349, test_loss=0.0349 (-0.0000), train_acc=0.840, validation_acc=0.823, test_acc=0.820, lr=3.906e-05, rel_err=0.065, selected_layer=1
[FGD] Epoch 27, train_loss=0.0322, validation_loss=0.0349, test_loss=0.0349 (-0.0000), train_acc=0.840, validation_acc=0.823, test_acc=0.820, lr=3.906e-05, rel_err=0.066, selected_layer=1/home/santiago/StageFrugal/gromo/src/gromo/modules/growing_module.py:2138: UserWarning: input_extension_scaling is null. The input extension will have no effect.
  warnings.warn(

[FGD] Epoch 28, train_loss=0.0322, validation_loss=0.0349, test_loss=0.0349 (-0.0000), train_acc=0.840, validation_acc=0.823, test_acc=0.820, lr=3.906e-05, rel_err=0.066, selected_layer=1
[FGD] Epoch 29, train_loss=0.0322, validation_loss=0.0349, test_loss=0.0349 (-0.0000), train_acc=0.840, validation_acc=0.823, test_acc=0.820, lr=3.906e-05, rel_err=0.066, selected_layer=1
[FGD] Epoch 30, train_loss=0.0321, validation_loss=0.0349, test_loss=0.0349 (-0.0000), train_acc=0.840, validation_acc=0.823, test_acc=0.821, lr=3.906e-05, rel_err=0.066, selected_layer=1
[FGD] Epoch 31, train_loss=0.0321, validation_loss=0.0349, test_loss=0.0348 (-0.0000), train_acc=0.840, validation_acc=0.823, test_acc=0.821, lr=3.906e-05, rel_err=0.066, selected_layer=1
[FGD] Epoch 32, train_loss=0.0321, validation_loss=0.0349, test_loss=0.0348 (-0.0000), train_acc=0.840, validation_acc=0.823, test_acc=0.822, lr=3.881e-05, rel_err=0.066, selected_layer=1
[FGD] Epoch 33, train_loss=0.0321, validation_loss=0.0348, test_loss=0.0348 (-0.0000), train_acc=0.840, validation_acc=0.823, test_acc=0.822, lr=3.906e-05, rel_err=0.066, selected_layer=1
[FGD] Epoch 34, train_loss=0.0321, validation_loss=0.0348, test_loss=0.0348 (-0.0000), train_acc=0.840, validation_acc=0.823, test_acc=0.822, lr=3.906e-05, rel_err=0.066, selected_layer=1
[FGD] Epoch 35, train_loss=0.0321, validation_loss=0.0348, test_loss=0.0348 (-0.0000), train_acc=0.840, validation_acc=0.823, test_acc=0.822, lr=3.906e-05, rel_err=0.066, selected_layer=1
[FGD] Epoch 36, train_loss=0.0321, validation_loss=0.0348, test_loss=0.0348 (-0.0000), train_acc=0.840, validation_acc=0.823, test_acc=0.822, lr=3.906e-05, rel_err=0.066, selected_layer=1
[FGD] Epoch 37, train_loss=0.0320, validation_loss=0.0348, test_loss=0.0348 (-0.0000), train_acc=0.840, validation_acc=0.823, test_acc=0.822, lr=3.906e-05, rel_err=0.066, selected_layer=1
[FGD] Epoch 38, train_loss=0.0320, validation_loss=0.0348, test_loss=0.0348 (-0.0000), train_acc=0.840, validation_acc=0.823, test_acc=0.822, lr=3.906e-05, rel_err=0.066, selected_layer=1
[FGD] Epoch 39, train_loss=0.0320, validation_loss=0.0348, test_loss=0.0347 (-0.0000), train_acc=0.840, validation_acc=0.823, test_acc=0.822, lr=3.178e-05, rel_err=0.066, selected_layer=1
[FGD-WARN] Epoch 39: learning-rate clipped on 1 batch(es)
[FGD] Epoch 40, train_loss=0.0320, validation_loss=0.0348, test_loss=0.0347 (-0.0000), train_acc=0.840, validation_acc=0.823, test_acc=0.822, lr=9.766e-06, rel_err=0.066, selected_layer=1
[FGD] Epoch 41, train_loss=0.0320, validation_loss=0.0348, test_loss=0.0347 (-0.0000), train_acc=0.840, validation_acc=0.823, test_acc=0.821, lr=9.766e-06, rel_err=0.066, selected_layer=1
[FGD] Epoch 42, train_loss=0.0320, validation_loss=0.0348, test_loss=0.0347 (-0.0000), train_acc=0.840, validation_acc=0.823, test_acc=0.821, lr=9.766e-06, rel_err=0.066, selected_layer=1
[FGD] Epoch 43, train_loss=0.0320, validation_loss=0.0348, test_loss=0.0347 (-0.0000), train_acc=0.840, validation_acc=0.823, test_acc=0.821, lr=9.766e-06, rel_err=0.066, selected_layer=1
[FGD] Epoch 44, train_loss=0.0320, validation_loss=0.0348, test_loss=0.0347 (-0.0000), train_acc=0.840, validation_acc=0.823, test_acc=0.821, lr=9.766e-06, rel_err=0.066, selected_layer=1
[FGD] Epoch 45, train_loss=0.0320, validation_loss=0.0348, test_loss=0.0347 (-0.0000), train_acc=0.840, validation_acc=0.822, test_acc=0.822, lr=9.707e-06, rel_err=0.066, selected_layer=1
[FGD-WARN] Epoch 45: learning-rate clipped on 1 batch(es)
[FGD] Epoch 46, train_loss=0.0320, validation_loss=0.0348, test_loss=0.0347 (-0.0000), train_acc=0.840, validation_acc=0.822, test_acc=0.822, lr=1.546e-08, rel_err=0.066, selected_layer=1
[FGD-WARN] Epoch 46: learning-rate clipped on 6 batch(es)
[FGD] Epoch 47, train_loss=0.0320, validation_loss=0.0348, test_loss=0.0347 (-0.0000), train_acc=0.840, validation_acc=0.822, test_acc=0.822, lr=2.278e-11, rel_err=0.066, selected_layer=1
[FGD-WARN] Epoch 47: learning-rate clipped on 1 batch(es)
[FGD] Epoch 48, train_loss=0.0320, validation_loss=0.0348, test_loss=0.0347 (+0.0000), train_acc=0.840, validation_acc=0.822, test_acc=0.822, lr=3.796e-12, rel_err=0.066, selected_layer=1
[FGD] Epoch 49, train_loss=0.0320, validation_loss=0.0348, test_loss=0.0347 (+0.0000), train_acc=0.840, validation_acc=0.822, test_acc=0.822, lr=1.519e-11, rel_err=0.066, selected_layer=1
[FGD] Epoch 50, train_loss=0.0320, validation_loss=0.0348, test_loss=0.0347 (+0.0000), train_acc=0.840, validation_acc=0.822, test_acc=0.822, lr=3.796e-12, rel_err=0.066, selected_layer=1
[FGD-WARN] Epoch 50: learning-rate clipped on 1 batch(es)
[FGD] Epoch 51, train_loss=0.0320, validation_loss=0.0348, test_loss=0.0347 (-0.0000), train_acc=0.840, validation_acc=0.822, test_acc=0.822, lr=3.796e-12, rel_err=0.066, selected_layer=1
[FGD] Epoch 52, train_loss=0.0320, validation_loss=0.0348, test_loss=0.0347 (+0.0000), train_acc=0.840, validation_acc=0.822, test_acc=0.822, lr=1.898e-12, rel_err=0.066, selected_layer=1
[FGD] Epoch 53, train_loss=0.0320, validation_loss=0.0348, test_loss=0.0347 (+0.0000), train_acc=0.840, validation_acc=0.822, test_acc=0.822, lr=3.796e-12, rel_err=0.066, selected_layer=1
[FGD] Epoch 54, train_loss=0.0320, validation_loss=0.0348, test_loss=0.0347 (+0.0000), train_acc=0.840, validation_acc=0.822, test_acc=0.822, lr=0, rel_err=0.066, selected_layer=1
[FGD-WARN] Epoch 54: stationary-point bound failed; global-convergence bound failed; FGD conditions request growth
[GRO] Growing layer 1 at epoch 54
  scaling=0, train_loss=0.0320
  scaling=1, train_loss=2.8872
  scaling=0.381966, train_loss=0.1229
  scaling=0.618034, train_loss=0.5798
  scaling=0.236068, train_loss=0.0442
  scaling=0.145898, train_loss=0.0327
  scaling=0.0901699, train_loss=0.0316
  scaling=0.0557281, train_loss=0.0318
  scaling=0.111456, train_loss=0.0318
  scaling=0.0770143, train_loss=0.0316
  scaling=0.0983006, train_loss=0.0316
  scaling=0.0851449, train_loss=0.0316
  scaling=0.0932756, train_loss=0.0316
  scaling=0.0882506, train_loss=0.0316
  scaling=0.0870643, train_loss=0.0316
  scaling=0.0889837, train_loss=0.0316
[GRO] Epoch 54, train_loss=0.0316, validation_loss=0.0344, test_loss=0.0342 (-0.0005), train_acc=0.845, validation_acc=0.826, test_acc=0.823, scaling=0.08825
Model after growing:
LinearGrowingModule(LinearGrowingModule(Layer 0))(in_features=784, out_features=10, use_bias=True)
LinearGrowingModule(LinearGrowingModule(Layer 1))(in_features=10, out_features=15, use_bias=True)
LinearGrowingModule(LinearGrowingModule(Layer 2))(in_features=15, out_features=26, use_bias=True)
LinearGrowingModule(LinearGrowingModule(Layer 3))(in_features=26, out_features=10, use_bias=True)
[FGD] Epoch 55, train_loss=0.0312, validation_loss=0.0340, test_loss=0.0339 (-0.0003), train_acc=0.846, validation_acc=0.829, test_acc=0.824, lr=0.001103, rel_err=0.043, selected_layer=0
[FGD-WARN] Epoch 55: learning-rate clipped on 3 batch(es)
[FGD] Epoch 56, train_loss=0.0310, validation_loss=0.0337, test_loss=0.0338 (-0.0002), train_acc=0.847, validation_acc=0.829, test_acc=0.826, lr=0.000625, rel_err=0.041, selected_layer=0
[FGD] Epoch 57, train_loss=0.0309, validation_loss=0.0336, test_loss=0.0336 (-0.0001), train_acc=0.848, validation_acc=0.828, test_acc=0.827, lr=0.0003185, rel_err=0.041, selected_layer=0
[FGD-WARN] Epoch 57: learning-rate clipped on 1 batch(es)
[FGD] Epoch 58, train_loss=0.0309, validation_loss=0.0336, test_loss=0.0336 (-0.0000), train_acc=0.847, validation_acc=0.828, test_acc=0.827, lr=7.813e-05, rel_err=0.040, selected_layer=0
[FGD] Epoch 59, train_loss=0.0308, validation_loss=0.0335, test_loss=0.0336 (-0.0000), train_acc=0.847, validation_acc=0.829, test_acc=0.827, lr=7.813e-05, rel_err=0.040, selected_layer=0
[FGD] Epoch 60, train_loss=0.0308, validation_loss=0.0335, test_loss=0.0336 (-0.0000), train_acc=0.848, validation_acc=0.829, test_acc=0.827, lr=6.027e-05, rel_err=0.040, selected_layer=0
[FGD-WARN] Epoch 60: learning-rate clipped on 1 batch(es)
[FGD] Epoch 61, train_loss=0.0308, validation_loss=0.0335, test_loss=0.0336 (-0.0000), train_acc=0.848, validation_acc=0.829, test_acc=0.827, lr=9.707e-06, rel_err=0.040, selected_layer=0
[FGD-WARN] Epoch 61: learning-rate clipped on 1 batch(es)
[FGD] Epoch 62, train_loss=0.0308, validation_loss=0.0335, test_loss=0.0336 (-0.0000), train_acc=0.848, validation_acc=0.829, test_acc=0.827, lr=2.725e-08, rel_err=0.040, selected_layer=0
[FGD-WARN] Epoch 62: learning-rate clipped on 6 batch(es)
[FGD] Epoch 63, train_loss=0.0308, validation_loss=0.0335, test_loss=0.0336 (-0.0000), train_acc=0.848, validation_acc=0.829, test_acc=0.827, lr=1.898e-11, rel_err=0.040, selected_layer=0
[FGD-WARN] Epoch 63: learning-rate clipped on 2 batch(es)
[FGD] Epoch 64, train_loss=0.0308, validation_loss=0.0335, test_loss=0.0336 (+0.0000), train_acc=0.848, validation_acc=0.829, test_acc=0.827, lr=5.695e-12, rel_err=0.040, selected_layer=0
[FGD] Epoch 65, train_loss=0.0308, validation_loss=0.0335, test_loss=0.0336 (+0.0000), train_acc=0.848, validation_acc=0.829, test_acc=0.827, lr=3.796e-12, rel_err=0.040, selected_layer=0
[FGD] Epoch 66, train_loss=0.0308, validation_loss=0.0335, test_loss=0.0336 (+0.0000), train_acc=0.848, validation_acc=0.829, test_acc=0.827, lr=3.796e-12, rel_err=0.040, selected_layer=0
[FGD] Epoch 67, train_loss=0.0308, validation_loss=0.0335, test_loss=0.0336 (+0.0000), train_acc=0.848, validation_acc=0.829, test_acc=0.827, lr=1.898e-12, rel_err=0.040, selected_layer=0
[FGD] Epoch 68, train_loss=0.0308, validation_loss=0.0335, test_loss=0.0336 (-0.0000), train_acc=0.848, validation_acc=0.829, test_acc=0.827, lr=3.796e-12, rel_err=0.040, selected_layer=0
[FGD] Epoch 69, train_loss=0.0308, validation_loss=0.0335, test_loss=0.0336 (+0.0000), train_acc=0.848, validation_acc=0.829, test_acc=0.827, lr=3.796e-12, rel_err=0.040, selected_layer=0
[FGD] Epoch 70, train_loss=0.0308, validation_loss=0.0335, test_loss=0.0336 (+0.0000), train_acc=0.848, validation_acc=0.829, test_acc=0.827, lr=0, rel_err=0.040, selected_layer=0
[FGD-WARN] Epoch 70: stationary-point bound failed; global-convergence bound failed; FGD conditions request growth
[GRO] Growing layer 2 at epoch 70
  scaling=0, train_loss=0.0308
  scaling=1, train_loss=0.0311
  scaling=0.381966, train_loss=0.0302
  scaling=0.618034, train_loss=0.0298
  scaling=0.763932, train_loss=0.0299
  scaling=0.527864, train_loss=0.0299
  scaling=0.673762, train_loss=0.0298
  scaling=0.708204, train_loss=0.0298
  scaling=0.652476, train_loss=0.0298
  scaling=0.686918, train_loss=0.0298
  scaling=0.665631, train_loss=0.0298
  scaling=0.660606, train_loss=0.0298
  scaling=0.668737, train_loss=0.0298
  scaling=0.663712, train_loss=0.0298
  scaling=0.666818, train_loss=0.0298
  scaling=0.667551, train_loss=0.0298
[GRO] Epoch 70, train_loss=0.0298, validation_loss=0.0324, test_loss=0.0324 (-0.0012), train_acc=0.859, validation_acc=0.837, test_acc=0.839, scaling=0.6676
Model after growing:
LinearGrowingModule(LinearGrowingModule(Layer 0))(in_features=784, out_features=10, use_bias=True)
LinearGrowingModule(LinearGrowingModule(Layer 1))(in_features=10, out_features=15, use_bias=True)
LinearGrowingModule(LinearGrowingModule(Layer 2))(in_features=15, out_features=35, use_bias=True)
LinearGrowingModule(LinearGrowingModule(Layer 3))(in_features=35, out_features=10, use_bias=True)
[FGD] Epoch 71, train_loss=0.0291, validation_loss=0.0316, test_loss=0.0316 (-0.0008), train_acc=0.861, validation_acc=0.838, test_acc=0.839, lr=0.00118, rel_err=0.011, selected_layer=0
[FGD-WARN] Epoch 71: learning-rate clipped on 4 batch(es)
[FGD] Epoch 72, train_loss=0.0290, validation_loss=0.0315, test_loss=0.0315 (-0.0001), train_acc=0.861, validation_acc=0.839, test_acc=0.840, lr=0.0001311, rel_err=0.011, selected_layer=0
[FGD-WARN] Epoch 72: learning-rate clipped on 9 batch(es)
[FGD] Epoch 73, train_loss=0.0290, validation_loss=0.0315, test_loss=0.0315 (+0.0000), train_acc=0.861, validation_acc=0.839, test_acc=0.840, lr=9.491e-11, rel_err=0.011, selected_layer=0
[FGD-WARN] Epoch 73: learning-rate clipped on 2 batch(es)
[FGD] Epoch 74, train_loss=0.0290, validation_loss=0.0315, test_loss=0.0315 (+0.0000), train_acc=0.861, validation_acc=0.839, test_acc=0.840, lr=1.519e-11, rel_err=0.011, selected_layer=0
[FGD] Epoch 75, train_loss=0.0290, validation_loss=0.0315, test_loss=0.0315 (-0.0000), train_acc=0.861, validation_acc=0.839, test_acc=0.840, lr=1.898e-11, rel_err=0.011, selected_layer=0
[FGD] Epoch 76, train_loss=0.0290, validation_loss=0.0315, test_loss=0.0315 (-0.0000), train_acc=0.861, validation_acc=0.839, test_acc=0.840, lr=1.139e-11, rel_err=0.011, selected_layer=0
[FGD] Epoch 77, train_loss=0.0290, validation_loss=0.0315, test_loss=0.0315 (+0.0000), train_acc=0.861, validation_acc=0.839, test_acc=0.840, lr=2.278e-11, rel_err=0.011, selected_layer=0
[FGD] Epoch 78, train_loss=0.0290, validation_loss=0.0315, test_loss=0.0315 (+0.0000), train_acc=0.861, validation_acc=0.839, test_acc=0.840, lr=7.593e-12, rel_err=0.011, selected_layer=0
[FGD] Epoch 79, train_loss=0.0290, validation_loss=0.0315, test_loss=0.0315 (+0.0000), train_acc=0.861, validation_acc=0.839, test_acc=0.840, lr=3.037e-11, rel_err=0.011, selected_layer=0
[FGD] Epoch 80, train_loss=0.0290, validation_loss=0.0315, test_loss=0.0315 (-0.0000), train_acc=0.861, validation_acc=0.839, test_acc=0.840, lr=1.898e-11, rel_err=0.011, selected_layer=0
[FGD] Epoch 81, train_loss=0.0290, validation_loss=0.0315, test_loss=0.0315 (+0.0000), train_acc=0.861, validation_acc=0.839, test_acc=0.840, lr=1.898e-11, rel_err=0.011, selected_layer=0
[FGD] Epoch 82, train_loss=0.0290, validation_loss=0.0315, test_loss=0.0315 (-0.0000), train_acc=0.861, validation_acc=0.839, test_acc=0.840, lr=7.593e-12, rel_err=0.011, selected_layer=0
[FGD] Epoch 83, train_loss=0.0290, validation_loss=0.0315, test_loss=0.0315 (+0.0000), train_acc=0.861, validation_acc=0.839, test_acc=0.840, lr=3.796e-12, rel_err=0.011, selected_layer=0
[FGD] Epoch 84, train_loss=0.0290, validation_loss=0.0315, test_loss=0.0315 (-0.0000), train_acc=0.861, validation_acc=0.839, test_acc=0.840, lr=7.593e-12, rel_err=0.011, selected_layer=0
[FGD] Epoch 85, train_loss=0.0290, validation_loss=0.0315, test_loss=0.0315 (-0.0000), train_acc=0.861, validation_acc=0.839, test_acc=0.840, lr=3.796e-12, rel_err=0.011, selected_layer=0
[FGD] Epoch 86, train_loss=0.0290, validation_loss=0.0315, test_loss=0.0315 (-0.0000), train_acc=0.861, validation_acc=0.839, test_acc=0.840, lr=1.898e-11, rel_err=0.011, selected_layer=0
[FGD] Epoch 87, train_loss=0.0290, validation_loss=0.0315, test_loss=0.0315 (+0.0000), train_acc=0.861, validation_acc=0.839, test_acc=0.840, lr=2.278e-11, rel_err=0.011, selected_layer=0
[FGD] Epoch 88, train_loss=0.0290, validation_loss=0.0315, test_loss=0.0315 (+0.0000), train_acc=0.861, validation_acc=0.839, test_acc=0.840, lr=1.898e-11, rel_err=0.011, selected_layer=0
[FGD] Epoch 89, train_loss=0.0290, validation_loss=0.0315, test_loss=0.0315 (+0.0000), train_acc=0.861, validation_acc=0.839, test_acc=0.840, lr=1.139e-11, rel_err=0.011, selected_layer=0
[FGD] Epoch 90, train_loss=0.0290, validation_loss=0.0315, test_loss=0.0315 (-0.0000), train_acc=0.861, validation_acc=0.839, test_acc=0.840, lr=1.519e-11, rel_err=0.011, selected_layer=0
[FGD] Epoch 91, train_loss=0.0290, validation_loss=0.0315, test_loss=0.0315 (-0.0000), train_acc=0.861, validation_acc=0.839, test_acc=0.840, lr=3.796e-12, rel_err=0.011, selected_layer=0
[FGD] Epoch 92, train_loss=0.0290, validation_loss=0.0315, test_loss=0.0315 (+0.0000), train_acc=0.861, validation_acc=0.839, test_acc=0.840, lr=2.278e-11, rel_err=0.011, selected_layer=0
[FGD] Epoch 93, train_loss=0.0290, validation_loss=0.0315, test_loss=0.0315 (-0.0000), train_acc=0.861, validation_acc=0.839, test_acc=0.840, lr=2.278e-11, rel_err=0.011, selected_layer=0
[FGD] Epoch 94, train_loss=0.0290, validation_loss=0.0315, test_loss=0.0315 (+0.0000), train_acc=0.861, validation_acc=0.839, test_acc=0.840, lr=2.088e-11, rel_err=0.011, selected_layer=0
[FGD-WARN] Epoch 94: learning-rate clipped on 1 batch(es)
[FGD] Epoch 95, train_loss=0.0290, validation_loss=0.0315, test_loss=0.0315 (+0.0000), train_acc=0.861, validation_acc=0.839, test_acc=0.840, lr=3.796e-12, rel_err=0.011, selected_layer=0
[FGD] Epoch 96, train_loss=0.0290, validation_loss=0.0315, test_loss=0.0315 (+0.0000), train_acc=0.861, validation_acc=0.839, test_acc=0.840, lr=5.695e-12, rel_err=0.011, selected_layer=0/home/santiago/StageFrugal/gromo/src/gromo/utils/tools.py:119: UserWarning: Using the pseudo-inverse for the computation of the optimal delta.
  warn("Using the pseudo-inverse for the computation of the optimal delta.")

[FGD] Epoch 97, train_loss=0.0290, validation_loss=0.0315, test_loss=0.0315 (+0.0000), train_acc=0.861, validation_acc=0.839, test_acc=0.840, lr=0, rel_err=0.011, selected_layer=0
[FGD-WARN] Epoch 97: stationary-point bound failed; global-convergence bound failed; FGD conditions request growth
[GRO] Growing layer 2 at epoch 97
  scaling=0, train_loss=0.0290
  scaling=1, train_loss=0.0291
  scaling=0.381966, train_loss=0.0289
  scaling=0.618034, train_loss=0.0289
  scaling=0.763932, train_loss=0.0289
  scaling=0.527864, train_loss=0.0289
  scaling=0.673762, train_loss=0.0289
  scaling=0.583592, train_loss=0.0289
  scaling=0.562306, train_loss=0.0289
  scaling=0.596748, train_loss=0.0289
  scaling=0.575462, train_loss=0.0289
  scaling=0.570437, train_loss=0.0289
  scaling=0.578567, train_loss=0.0289
  scaling=0.580487, train_loss=0.0289
  scaling=0.577381, train_loss=0.0289
  scaling=0.576648, train_loss=0.0289
[GRO] Epoch 97, train_loss=0.0289, validation_loss=0.0315, test_loss=0.0315 (-0.0001), train_acc=0.861, validation_acc=0.838, test_acc=0.840, scaling=0.5766
Model after growing:
LinearGrowingModule(LinearGrowingModule(Layer 0))(in_features=784, out_features=10, use_bias=True)
LinearGrowingModule(LinearGrowingModule(Layer 1))(in_features=10, out_features=15, use_bias=True)
LinearGrowingModule(LinearGrowingModule(Layer 2))(in_features=15, out_features=44, use_bias=True)
LinearGrowingModule(LinearGrowingModule(Layer 3))(in_features=44, out_features=10, use_bias=True)
[FGD] Epoch 98, train_loss=0.0285, validation_loss=0.0311, test_loss=0.0311 (-0.0004), train_acc=0.862, validation_acc=0.839, test_acc=0.841, lr=0.0007842, rel_err=0.011, selected_layer=0
[FGD-WARN] Epoch 98: learning-rate clipped on 4 batch(es)
[FGD] Epoch 99, train_loss=0.0284, validation_loss=0.0310, test_loss=0.0310 (-0.0001), train_acc=0.862, validation_acc=0.839, test_acc=0.842, lr=0.000165, rel_err=0.012, selected_layer=0
[FGD-WARN] Epoch 99: learning-rate clipped on 1 batch(es)
[FGD] Epoch 100, train_loss=0.0284, validation_loss=0.0309, test_loss=0.0310 (-0.0000), train_acc=0.862, validation_acc=0.839, test_acc=0.842, lr=1.947e-05, rel_err=0.012, selected_layer=0
[FGD-WARN] Epoch 100: learning-rate clipped on 1 batch(es)
[FGD] Epoch 101, train_loss=0.0284, validation_loss=0.0309, test_loss=0.0310 (-0.0000), train_acc=0.862, validation_acc=0.839, test_acc=0.842, lr=2.256e-06, rel_err=0.012, selected_layer=0
[FGD-WARN] Epoch 101: learning-rate clipped on 8 batch(es)
[FGD] Epoch 102, train_loss=0.0284, validation_loss=0.0309, test_loss=0.0310 (-0.0000), train_acc=0.862, validation_acc=0.839, test_acc=0.842, lr=1.708e-11, rel_err=0.012, selected_layer=0
[FGD-WARN] Epoch 102: learning-rate clipped on 1 batch(es)
[FGD] Epoch 103, train_loss=0.0284, validation_loss=0.0309, test_loss=0.0310 (-0.0000), train_acc=0.862, validation_acc=0.839, test_acc=0.842, lr=1.898e-12, rel_err=0.012, selected_layer=0
[FGD] Epoch 104, train_loss=0.0284, validation_loss=0.0309, test_loss=0.0310 (+0.0000), train_acc=0.862, validation_acc=0.839, test_acc=0.842, lr=1.898e-12, rel_err=0.012, selected_layer=0
[FGD] Epoch 105, train_loss=0.0284, validation_loss=0.0309, test_loss=0.0310 (+0.0000), train_acc=0.862, validation_acc=0.839, test_acc=0.842, lr=0, rel_err=0.012, selected_layer=0
[FGD-WARN] Epoch 105: stationary-point bound failed; global-convergence bound failed; FGD conditions request growth
[GRO] Growing layer 2 at epoch 105
  scaling=0, train_loss=0.0284
  scaling=1, train_loss=0.0285
  scaling=0.381966, train_loss=0.0284
  scaling=0.618034, train_loss=0.0285
  scaling=0.236068, train_loss=0.0284
  scaling=0.145898, train_loss=0.0284
  scaling=0.0901699, train_loss=0.0284
  scaling=0.0557281, train_loss=0.0284
  scaling=0.0344419, train_loss=0.0284
  scaling=0.0212862, train_loss=0.0284
  scaling=0.0131556, train_loss=0.0284
  scaling=0.00813062, train_loss=0.0284
  scaling=0.005025, train_loss=0.0284
  scaling=0.01005, train_loss=0.0284
  scaling=0.00694438, train_loss=0.0284
  scaling=0.00886376, train_loss=0.0284
[GRO] Epoch 105, train_loss=0.0284, validation_loss=0.0309, test_loss=0.0310 (+0.0000), train_acc=0.862, validation_acc=0.839, test_acc=0.842, scaling=0
Model after growing:
LinearGrowingModule(LinearGrowingModule(Layer 0))(in_features=784, out_features=10, use_bias=True)
LinearGrowingModule(LinearGrowingModule(Layer 1))(in_features=10, out_features=15, use_bias=True)
LinearGrowingModule(LinearGrowingModule(Layer 2))(in_features=15, out_features=51, use_bias=True)
LinearGrowingModule(LinearGrowingModule(Layer 3))(in_features=51, out_features=10, use_bias=True)
[FGD] Epoch 106, train_loss=0.0284, validation_loss=0.0309, test_loss=0.0310 (-0.0000), train_acc=0.862, validation_acc=0.839, test_acc=0.842, lr=3.957e-05, rel_err=0.011, selected_layer=0
[FGD-WARN] Epoch 106: learning-rate clipped on 9 batch(es)
[FGD] Epoch 107, train_loss=0.0284, validation_loss=0.0309, test_loss=0.0310 (+0.0000), train_acc=0.862, validation_acc=0.839, test_acc=0.842, lr=1.519e-11, rel_err=0.011, selected_layer=0
[FGD] Epoch 108, train_loss=0.0284, validation_loss=0.0309, test_loss=0.0310 (+0.0000), train_acc=0.862, validation_acc=0.839, test_acc=0.842, lr=1.519e-11, rel_err=0.011, selected_layer=0
[FGD] Epoch 109, train_loss=0.0284, validation_loss=0.0309, test_loss=0.0310 (-0.0000), train_acc=0.862, validation_acc=0.839, test_acc=0.842, lr=1.519e-11, rel_err=0.011, selected_layer=0
[FGD] Epoch 110, train_loss=0.0284, validation_loss=0.0309, test_loss=0.0310 (+0.0000), train_acc=0.862, validation_acc=0.839, test_acc=0.842, lr=1.519e-11, rel_err=0.011, selected_layer=0
[FGD] Epoch 111, train_loss=0.0284, validation_loss=0.0309, test_loss=0.0310 (+0.0000), train_acc=0.862, validation_acc=0.839, test_acc=0.842, lr=1.139e-11, rel_err=0.011, selected_layer=0
[FGD] Epoch 112, train_loss=0.0284, validation_loss=0.0309, test_loss=0.0310 (+0.0000), train_acc=0.862, validation_acc=0.839, test_acc=0.842, lr=7.593e-12, rel_err=0.011, selected_layer=0
[FGD] Epoch 113, train_loss=0.0284, validation_loss=0.0309, test_loss=0.0310 (-0.0000), train_acc=0.862, validation_acc=0.839, test_acc=0.842, lr=7.593e-12, rel_err=0.011, selected_layer=0
[FGD] Epoch 114, train_loss=0.0284, validation_loss=0.0309, test_loss=0.0310 (+0.0000), train_acc=0.862, validation_acc=0.839, test_acc=0.842, lr=7.593e-12, rel_err=0.011, selected_layer=0
[FGD] Epoch 115, train_loss=0.0284, validation_loss=0.0309, test_loss=0.0310 (-0.0000), train_acc=0.862, validation_acc=0.839, test_acc=0.842, lr=1.519e-11, rel_err=0.011, selected_layer=0
[FGD] Epoch 116, train_loss=0.0284, validation_loss=0.0309, test_loss=0.0310 (-0.0000), train_acc=0.862, validation_acc=0.839, test_acc=0.842, lr=1.519e-11, rel_err=0.011, selected_layer=0
[FGD] Epoch 117, train_loss=0.0284, validation_loss=0.0309, test_loss=0.0310 (+0.0000), train_acc=0.862, validation_acc=0.839, test_acc=0.842, lr=1.519e-11, rel_err=0.011, selected_layer=0
[FGD] Epoch 118, train_loss=0.0284, validation_loss=0.0309, test_loss=0.0310 (+0.0000), train_acc=0.862, validation_acc=0.839, test_acc=0.842, lr=7.593e-12, rel_err=0.011, selected_layer=0
[FGD] Epoch 119, train_loss=0.0284, validation_loss=0.0309, test_loss=0.0310 (+0.0000), train_acc=0.862, validation_acc=0.839, test_acc=0.842, lr=1.139e-11, rel_err=0.011, selected_layer=0
[FGD] Epoch 120, train_loss=0.0284, validation_loss=0.0309, test_loss=0.0310 (-0.0000), train_acc=0.862, validation_acc=0.839, test_acc=0.842, lr=7.593e-12, rel_err=0.011, selected_layer=0
[FGD] Epoch 121, train_loss=0.0284, validation_loss=0.0309, test_loss=0.0310 (+0.0000), train_acc=0.862, validation_acc=0.839, test_acc=0.842, lr=7.593e-12, rel_err=0.011, selected_layer=0
[FGD] Epoch 122, train_loss=0.0284, validation_loss=0.0309, test_loss=0.0310 (+0.0000), train_acc=0.862, validation_acc=0.839, test_acc=0.842, lr=7.593e-12, rel_err=0.011, selected_layer=0
[FGD] Epoch 123, train_loss=0.0284, validation_loss=0.0309, test_loss=0.0310 (+0.0000), train_acc=0.862, validation_acc=0.839, test_acc=0.842, lr=3.796e-12, rel_err=0.011, selected_layer=0
[FGD] Epoch 124, train_loss=0.0284, validation_loss=0.0309, test_loss=0.0310 (-0.0000), train_acc=0.862, validation_acc=0.839, test_acc=0.842, lr=1.139e-11, rel_err=0.011, selected_layer=0
[FGD] Epoch 125, train_loss=0.0284, validation_loss=0.0309, test_loss=0.0310 (+0.0000), train_acc=0.862, validation_acc=0.839, test_acc=0.842, lr=5.695e-12, rel_err=0.011, selected_layer=0
[FGD-WARN] Epoch 125: learning-rate clipped on 1 batch(es)
[FGD] Epoch 126, train_loss=0.0284, validation_loss=0.0309, test_loss=0.0310 (-0.0000), train_acc=0.862, validation_acc=0.839, test_acc=0.842, lr=3.796e-12, rel_err=0.011, selected_layer=0
[FGD] Epoch 127, train_loss=0.0284, validation_loss=0.0309, test_loss=0.0310 (+0.0000), train_acc=0.862, validation_acc=0.839, test_acc=0.842, lr=0, rel_err=0.011, selected_layer=0
[FGD-WARN] Epoch 127: stationary-point bound failed; global-convergence bound failed; FGD conditions request growth
[GRO] Growing layer 2 at epoch 127
  scaling=0, train_loss=0.0284
  scaling=1, train_loss=0.0285
  scaling=0.381966, train_loss=0.0284
  scaling=0.618034, train_loss=0.0284
  scaling=0.236068, train_loss=0.0284
  scaling=0.145898, train_loss=0.0284
  scaling=0.0901699, train_loss=0.0284
  scaling=0.0557281, train_loss=0.0284
  scaling=0.0344419, train_loss=0.0284
  scaling=0.0212862, train_loss=0.0284
  scaling=0.0131556, train_loss=0.0284
  scaling=0.00813062, train_loss=0.0284
  scaling=0.005025, train_loss=0.0284
  scaling=0.00310562, train_loss=0.0284
  scaling=0.00191938, train_loss=0.0284
  scaling=0.00383876, train_loss=0.0284
[GRO] Epoch 127, train_loss=0.0284, validation_loss=0.0309, test_loss=0.0310 (+0.0000), train_acc=0.862, validation_acc=0.839, test_acc=0.842, scaling=0.003839
Model after growing:
LinearGrowingModule(LinearGrowingModule(Layer 0))(in_features=784, out_features=10, use_bias=True)
LinearGrowingModule(LinearGrowingModule(Layer 1))(in_features=10, out_features=15, use_bias=True)
LinearGrowingModule(LinearGrowingModule(Layer 2))(in_features=15, out_features=60, use_bias=True)
LinearGrowingModule(LinearGrowingModule(Layer 3))(in_features=60, out_features=10, use_bias=True)
[FGD] Epoch 128, train_loss=0.0280, validation_loss=0.0305, test_loss=0.0307 (-0.0003), train_acc=0.864, validation_acc=0.841, test_acc=0.848, lr=0.0009076, rel_err=0.011, selected_layer=0
[FGD-WARN] Epoch 128: learning-rate clipped on 4 batch(es)
[FGD] Epoch 129, train_loss=0.0280, validation_loss=0.0305, test_loss=0.0307 (-0.0000), train_acc=0.864, validation_acc=0.841, test_acc=0.848, lr=6.643e-05, rel_err=0.011, selected_layer=0
[FGD-WARN] Epoch 129: learning-rate clipped on 1 batch(es)
[FGD] Epoch 130, train_loss=0.0280, validation_loss=0.0305, test_loss=0.0306 (-0.0000), train_acc=0.864, validation_acc=0.841, test_acc=0.848, lr=1.942e-05, rel_err=0.011, selected_layer=0
[FGD-WARN] Epoch 130: learning-rate clipped on 1 batch(es)
[FGD] Epoch 131, train_loss=0.0280, validation_loss=0.0305, test_loss=0.0306 (+0.0000), train_acc=0.864, validation_acc=0.841, test_acc=0.848, lr=2.278e-10, rel_err=0.011, selected_layer=0
[FGD-WARN] Epoch 131: learning-rate clipped on 4 batch(es)
[FGD] Epoch 132, train_loss=0.0280, validation_loss=0.0305, test_loss=0.0306 (-0.0000), train_acc=0.864, validation_acc=0.841, test_acc=0.848, lr=1.139e-11, rel_err=0.011, selected_layer=0
[FGD] Epoch 133, train_loss=0.0280, validation_loss=0.0305, test_loss=0.0306 (+0.0000), train_acc=0.864, validation_acc=0.841, test_acc=0.848, lr=2.278e-11, rel_err=0.011, selected_layer=0
[FGD] Epoch 134, train_loss=0.0280, validation_loss=0.0305, test_loss=0.0306 (-0.0000), train_acc=0.864, validation_acc=0.841, test_acc=0.848, lr=7.593e-12, rel_err=0.011, selected_layer=0
[FGD] Epoch 135, train_loss=0.0280, validation_loss=0.0305, test_loss=0.0306 (+0.0000), train_acc=0.864, validation_acc=0.841, test_acc=0.848, lr=3.796e-12, rel_err=0.011, selected_layer=0
[FGD] Epoch 136, train_loss=0.0280, validation_loss=0.0305, test_loss=0.0306 (+0.0000), train_acc=0.864, validation_acc=0.841, test_acc=0.848, lr=1.519e-11, rel_err=0.011, selected_layer=0
[FGD] Epoch 137, train_loss=0.0280, validation_loss=0.0305, test_loss=0.0306 (+0.0000), train_acc=0.864, validation_acc=0.841, test_acc=0.848, lr=1.708e-11, rel_err=0.011, selected_layer=0
[FGD-WARN] Epoch 137: learning-rate clipped on 1 batch(es)
[FGD] Epoch 138, train_loss=0.0280, validation_loss=0.0305, test_loss=0.0306 (+0.0000), train_acc=0.864, validation_acc=0.841, test_acc=0.848, lr=0, rel_err=0.011, selected_layer=0
[FGD-WARN] Epoch 138: stationary-point bound failed; global-convergence bound failed; FGD conditions request growth
[GRO] Growing layer 2 at epoch 138
  scaling=0, train_loss=0.0280
  scaling=1, train_loss=0.0282
  scaling=0.381966, train_loss=0.0280
  scaling=0.618034, train_loss=0.0280
  scaling=0.236068, train_loss=0.0280
  scaling=0.145898, train_loss=0.0280
  scaling=0.0901699, train_loss=0.0280
  scaling=0.0557281, train_loss=0.0280
  scaling=0.0344419, train_loss=0.0280
  scaling=0.0212862, train_loss=0.0280
  scaling=0.0131556, train_loss=0.0280
  scaling=0.00813062, train_loss=0.0280
  scaling=0.005025, train_loss=0.0280
  scaling=0.00310562, train_loss=0.0280
  scaling=0.00621124, train_loss=0.0280
  scaling=0.00429186, train_loss=0.0280
[GRO] Epoch 138, train_loss=0.0280, validation_loss=0.0305, test_loss=0.0306 (+0.0000), train_acc=0.864, validation_acc=0.841, test_acc=0.848, scaling=0.005025
Model after growing:
LinearGrowingModule(LinearGrowingModule(Layer 0))(in_features=784, out_features=10, use_bias=True)
LinearGrowingModule(LinearGrowingModule(Layer 1))(in_features=10, out_features=15, use_bias=True)
LinearGrowingModule(LinearGrowingModule(Layer 2))(in_features=15, out_features=67, use_bias=True)
LinearGrowingModule(LinearGrowingModule(Layer 3))(in_features=67, out_features=10, use_bias=True)
[FGD] Epoch 139, train_loss=0.0279, validation_loss=0.0304, test_loss=0.0305 (-0.0001), train_acc=0.864, validation_acc=0.841, test_acc=0.848, lr=0.0002135, rel_err=0.011, selected_layer=0
[FGD-WARN] Epoch 139: learning-rate clipped on 4 batch(es)
[FGD] Epoch 140, train_loss=0.0278, validation_loss=0.0304, test_loss=0.0305 (-0.0000), train_acc=0.864, validation_acc=0.841, test_acc=0.848, lr=3.944e-05, rel_err=0.011, selected_layer=0
[FGD-WARN] Epoch 140: learning-rate clipped on 2 batch(es)
[FGD] Epoch 141, train_loss=0.0278, validation_loss=0.0304, test_loss=0.0305 (-0.0000), train_acc=0.864, validation_acc=0.841, test_acc=0.848, lr=1.917e-05, rel_err=0.011, selected_layer=0
[FGD-WARN] Epoch 141: learning-rate clipped on 1 batch(es)
[FGD] Epoch 142, train_loss=0.0278, validation_loss=0.0304, test_loss=0.0305 (+0.0000), train_acc=0.864, validation_acc=0.841, test_acc=0.848, lr=5.011e-10, rel_err=0.011, selected_layer=0
[FGD-WARN] Epoch 142: learning-rate clipped on 3 batch(es)
[FGD] Epoch 143, train_loss=0.0278, validation_loss=0.0304, test_loss=0.0305 (-0.0000), train_acc=0.864, validation_acc=0.841, test_acc=0.848, lr=3.417e-11, rel_err=0.011, selected_layer=0
[FGD-WARN] Epoch 143: learning-rate clipped on 1 batch(es)
[FGD] Epoch 144, train_loss=0.0278, validation_loss=0.0304, test_loss=0.0305 (-0.0000), train_acc=0.864, validation_acc=0.841, test_acc=0.848, lr=7.593e-12, rel_err=0.011, selected_layer=0
[FGD] Epoch 145, train_loss=0.0278, validation_loss=0.0304, test_loss=0.0305 (-0.0000), train_acc=0.864, validation_acc=0.841, test_acc=0.848, lr=1.898e-11, rel_err=0.011, selected_layer=0
[FGD] Epoch 146, train_loss=0.0278, validation_loss=0.0304, test_loss=0.0305 (+0.0000), train_acc=0.864, validation_acc=0.841, test_acc=0.848, lr=2.278e-11, rel_err=0.011, selected_layer=0
[FGD] Epoch 147, train_loss=0.0278, validation_loss=0.0304, test_loss=0.0305 (-0.0000), train_acc=0.864, validation_acc=0.841, test_acc=0.848, lr=9.491e-12, rel_err=0.011, selected_layer=0
[FGD-WARN] Epoch 147: learning-rate clipped on 1 batch(es)
[FGD] Epoch 148, train_loss=0.0278, validation_loss=0.0304, test_loss=0.0305 (+0.0000), train_acc=0.864, validation_acc=0.841, test_acc=0.848, lr=0, rel_err=0.011, selected_layer=0
[FGD-WARN] Epoch 148: stationary-point bound failed; global-convergence bound failed; FGD conditions request growth
[GRO] Growing layer 2 at epoch 148
  scaling=0, train_loss=0.0278
  scaling=1, train_loss=0.0281
  scaling=0.381966, train_loss=0.0278
  scaling=0.618034, train_loss=0.0279
  scaling=0.236068, train_loss=0.0278
  scaling=0.145898, train_loss=0.0278
  scaling=0.0901699, train_loss=0.0278
  scaling=0.0557281, train_loss=0.0278
  scaling=0.0344419, train_loss=0.0278
  scaling=0.0212862, train_loss=0.0278
  scaling=0.0131556, train_loss=0.0278
  scaling=0.00813062, train_loss=0.0278
  scaling=0.005025, train_loss=0.0278
  scaling=0.00310562, train_loss=0.0278
  scaling=0.00191938, train_loss=0.0278
  scaling=0.00383876, train_loss=0.0278
[GRO] Epoch 148, train_loss=0.0278, validation_loss=0.0304, test_loss=0.0305 (+0.0000), train_acc=0.864, validation_acc=0.841, test_acc=0.848, scaling=0
Model after growing:
LinearGrowingModule(LinearGrowingModule(Layer 0))(in_features=784, out_features=10, use_bias=True)
LinearGrowingModule(LinearGrowingModule(Layer 1))(in_features=10, out_features=15, use_bias=True)
LinearGrowingModule(LinearGrowingModule(Layer 2))(in_features=15, out_features=74, use_bias=True)
LinearGrowingModule(LinearGrowingModule(Layer 3))(in_features=74, out_features=10, use_bias=True)
[FGD] Epoch 149, train_loss=0.0276, validation_loss=0.0301, test_loss=0.0303 (-0.0002), train_acc=0.865, validation_acc=0.843, test_acc=0.853, lr=0.0005349, rel_err=0.012, selected_layer=0
[FGD-WARN] Epoch 149: learning-rate clipped on 4 batch(es)
[FGD] Epoch 150, train_loss=0.0275, validation_loss=0.0301, test_loss=0.0302 (-0.0000), train_acc=0.865, validation_acc=0.842, test_acc=0.852, lr=7.813e-05, rel_err=0.012, selected_layer=0
[FGD] Epoch 151, train_loss=0.0275, validation_loss=0.0300, test_loss=0.0302 (-0.0000), train_acc=0.865, validation_acc=0.842, test_acc=0.851, lr=7.766e-05, rel_err=0.012, selected_layer=0
[FGD-WARN] Epoch 151: learning-rate clipped on 1 batch(es)
[FGD] Epoch 152, train_loss=0.0275, validation_loss=0.0300, test_loss=0.0302 (-0.0000), train_acc=0.865, validation_acc=0.842, test_acc=0.851, lr=1.967e-07, rel_err=0.012, selected_layer=0
[FGD-WARN] Epoch 152: learning-rate clipped on 11 batch(es)
[FGD] Epoch 153, train_loss=0.0275, validation_loss=0.0300, test_loss=0.0302 (+0.0000), train_acc=0.865, validation_acc=0.842, test_acc=0.851, lr=1.139e-11, rel_err=0.012, selected_layer=0
[FGD] Epoch 154, train_loss=0.0275, validation_loss=0.0300, test_loss=0.0302 (-0.0000), train_acc=0.865, validation_acc=0.842, test_acc=0.851, lr=3.796e-12, rel_err=0.012, selected_layer=0
[FGD] Epoch 155, train_loss=0.0275, validation_loss=0.0300, test_loss=0.0302 (+0.0000), train_acc=0.865, validation_acc=0.842, test_acc=0.851, lr=1.139e-11, rel_err=0.012, selected_layer=0
[FGD] Epoch 156, train_loss=0.0275, validation_loss=0.0300, test_loss=0.0302 (+0.0000), train_acc=0.865, validation_acc=0.842, test_acc=0.851, lr=7.593e-12, rel_err=0.012, selected_layer=0
[FGD] Epoch 157, train_loss=0.0275, validation_loss=0.0300, test_loss=0.0302 (-0.0000), train_acc=0.865, validation_acc=0.842, test_acc=0.851, lr=1.139e-11, rel_err=0.012, selected_layer=0
[FGD] Epoch 158, train_loss=0.0275, validation_loss=0.0300, test_loss=0.0302 (-0.0000), train_acc=0.865, validation_acc=0.842, test_acc=0.851, lr=1.898e-11, rel_err=0.012, selected_layer=0
[FGD] Epoch 159, train_loss=0.0275, validation_loss=0.0300, test_loss=0.0302 (+0.0000), train_acc=0.865, validation_acc=0.842, test_acc=0.851, lr=7.593e-12, rel_err=0.012, selected_layer=0
[FGD] Epoch 160, train_loss=0.0275, validation_loss=0.0300, test_loss=0.0302 (+0.0000), train_acc=0.865, validation_acc=0.842, test_acc=0.851, lr=2.658e-11, rel_err=0.012, selected_layer=0
[FGD] Epoch 161, train_loss=0.0275, validation_loss=0.0300, test_loss=0.0302 (+0.0000), train_acc=0.865, validation_acc=0.842, test_acc=0.851, lr=1.139e-11, rel_err=0.012, selected_layer=0
[FGD] Epoch 162, train_loss=0.0275, validation_loss=0.0300, test_loss=0.0302 (+0.0000), train_acc=0.865, validation_acc=0.842, test_acc=0.851, lr=1.898e-11, rel_err=0.012, selected_layer=0
[FGD] Epoch 163, train_loss=0.0275, validation_loss=0.0300, test_loss=0.0302 (-0.0000), train_acc=0.865, validation_acc=0.842, test_acc=0.851, lr=3.796e-12, rel_err=0.012, selected_layer=0
[FGD] Epoch 164, train_loss=0.0275, validation_loss=0.0300, test_loss=0.0302 (+0.0000), train_acc=0.865, validation_acc=0.842, test_acc=0.851, lr=1.139e-11, rel_err=0.012, selected_layer=0
[FGD] Epoch 165, train_loss=0.0275, validation_loss=0.0300, test_loss=0.0302 (+0.0000), train_acc=0.865, validation_acc=0.842, test_acc=0.851, lr=1.139e-11, rel_err=0.012, selected_layer=0
[FGD] Epoch 166, train_loss=0.0275, validation_loss=0.0300, test_loss=0.0302 (-0.0000), train_acc=0.865, validation_acc=0.842, test_acc=0.851, lr=2.278e-11, rel_err=0.012, selected_layer=0
[FGD] Epoch 167, train_loss=0.0275, validation_loss=0.0300, test_loss=0.0302 (-0.0000), train_acc=0.865, validation_acc=0.842, test_acc=0.851, lr=1.519e-11, rel_err=0.012, selected_layer=0
[FGD] Epoch 168, train_loss=0.0275, validation_loss=0.0300, test_loss=0.0302 (+0.0000), train_acc=0.865, validation_acc=0.842, test_acc=0.851, lr=3.796e-12, rel_err=0.012, selected_layer=0
[FGD] Epoch 169, train_loss=0.0275, validation_loss=0.0300, test_loss=0.0302 (+0.0000), train_acc=0.865, validation_acc=0.842, test_acc=0.851, lr=7.593e-12, rel_err=0.012, selected_layer=0
[FGD] Epoch 170, train_loss=0.0275, validation_loss=0.0300, test_loss=0.0302 (-0.0000), train_acc=0.865, validation_acc=0.842, test_acc=0.851, lr=1.519e-11, rel_err=0.012, selected_layer=0
[FGD] Epoch 171, train_loss=0.0275, validation_loss=0.0300, test_loss=0.0302 (-0.0000), train_acc=0.865, validation_acc=0.842, test_acc=0.851, lr=1.519e-11, rel_err=0.012, selected_layer=0
[FGD] Epoch 172, train_loss=0.0275, validation_loss=0.0300, test_loss=0.0302 (+0.0000), train_acc=0.865, validation_acc=0.842, test_acc=0.851, lr=1.139e-11, rel_err=0.012, selected_layer=0
[FGD] Epoch 173, train_loss=0.0275, validation_loss=0.0300, test_loss=0.0302 (-0.0000), train_acc=0.865, validation_acc=0.842, test_acc=0.851, lr=1.898e-11, rel_err=0.012, selected_layer=0
[FGD] Epoch 174, train_loss=0.0275, validation_loss=0.0300, test_loss=0.0302 (-0.0000), train_acc=0.865, validation_acc=0.842, test_acc=0.851, lr=1.898e-11, rel_err=0.012, selected_layer=0
[FGD] Epoch 175, train_loss=0.0275, validation_loss=0.0300, test_loss=0.0302 (+0.0000), train_acc=0.865, validation_acc=0.842, test_acc=0.851, lr=1.139e-11, rel_err=0.012, selected_layer=0
[FGD] Epoch 176, train_loss=0.0275, validation_loss=0.0300, test_loss=0.0302 (+0.0000), train_acc=0.865, validation_acc=0.842, test_acc=0.851, lr=1.519e-11, rel_err=0.012, selected_layer=0
[FGD] Epoch 177, train_loss=0.0275, validation_loss=0.0300, test_loss=0.0302 (+0.0000), train_acc=0.865, validation_acc=0.842, test_acc=0.851, lr=3.796e-12, rel_err=0.012, selected_layer=0
[FGD] Epoch 178, train_loss=0.0275, validation_loss=0.0300, test_loss=0.0302 (+0.0000), train_acc=0.865, validation_acc=0.842, test_acc=0.851, lr=7.593e-12, rel_err=0.012, selected_layer=0
[FGD] Epoch 179, train_loss=0.0275, validation_loss=0.0300, test_loss=0.0302 (+0.0000), train_acc=0.865, validation_acc=0.842, test_acc=0.851, lr=1.139e-11, rel_err=0.012, selected_layer=0
[FGD] Epoch 180, train_loss=0.0275, validation_loss=0.0300, test_loss=0.0302 (+0.0000), train_acc=0.865, validation_acc=0.842, test_acc=0.851, lr=7.593e-12, rel_err=0.012, selected_layer=0
[FGD] Epoch 181, train_loss=0.0275, validation_loss=0.0300, test_loss=0.0302 (+0.0000), train_acc=0.865, validation_acc=0.842, test_acc=0.851, lr=5.695e-12, rel_err=0.012, selected_layer=0
[FGD-WARN] Epoch 181: learning-rate clipped on 1 batch(es)
[FGD] Epoch 182, train_loss=0.0275, validation_loss=0.0300, test_loss=0.0302 (+0.0000), train_acc=0.865, validation_acc=0.842, test_acc=0.851, lr=1.898e-12, rel_err=0.012, selected_layer=0
[FGD] Epoch 183, train_loss=0.0275, validation_loss=0.0300, test_loss=0.0302 (+0.0000), train_acc=0.865, validation_acc=0.842, test_acc=0.851, lr=3.796e-12, rel_err=0.012, selected_layer=0
[FGD] Epoch 184, train_loss=0.0275, validation_loss=0.0300, test_loss=0.0302 (+0.0000), train_acc=0.865, validation_acc=0.842, test_acc=0.851, lr=1.898e-12, rel_err=0.012, selected_layer=0
[FGD] Epoch 185, train_loss=0.0275, validation_loss=0.0300, test_loss=0.0302 (+0.0000), train_acc=0.865, validation_acc=0.842, test_acc=0.851, lr=0, rel_err=0.012, selected_layer=0wandb: updating run metadata; uploading artifact run-vi64l1gp-growthevents_table-4oCBRw; uploading artifact run-vi64l1gp-growthline_search_table-C2nDVQ
wandb: uploading artifact run-vi64l1gp-growthevents_table-4oCBRw; uploading artifact run-vi64l1gp-growthline_search_table-C2nDVQ
wandb: uploading artifact run-vi64l1gp-growthline_search_table-C2nDVQ
wandb: uploading wandb-summary.json; uploading config.yaml; uploading media/table/growth/events_table_233_6467b27c69c9834a24a0.table.json; uploading media/table/growth/line_search_table_234_84d7695688fd99a04f62.table.json; uploading output.log
wandb: uploading history steps 232-234, summary, console lines 639-639
wandb: 
wandb: Run history:
wandb:                             epoch ▁▁▁▁▁▂▃▃▃▃▃▃▄▄▄▄▄▅▅▅▅▅▅▅▅▆▆▆▆▆▇▇▇▇▇█████
wandb:            fgd/approximation_norm █▆▃▂▁▁▁▁▁▁▁▁▁▁▁▁▁▁▁▁▁▁▁▁▁▁▁▁▁▁▁▁▁▁▁▁▁▁▁▁
wandb:            fgd/directional_cosine ▁▇██████████████████████████████████████
wandb:                  fgd/global_bound █▄▂▂▂▁▁▁▁▁▁▁▁▁▁▁▁▁▁▁▁▁▁▁▁▁▁▁▁▁▁▁▁▁▁▁▁▁▁▁
wandb:            fgd/global_contraction █▁██████████████████████████████████████
wandb:              fgd/gradient_sq_norm █▆▁▁▁▁▁▁▁▁▁▁▁▁▁▁▁▁▁▁▁▁▁▁▁▁▁▁▁▁▁▁▁▁▁▁▁▁▁▁
wandb: fgd/learning_rate_clipped_batches ▃▃▃▂▁▁▁▁▁▁▂▁▁▃▁▁▁▂▂▇█▁▁▁▁▁▁▁▁▂▁▁▁▁▁▁▁▁▁▁
wandb:     fgd/learning_rate_upper_bound ▁▅▆▆▇▇▇▇▇▇▇▇▇▇▇█████████████████████████
wandb:      fgd/loss_non_descent_batches ▁▁▁▁▁▁▁▁▁▁▁▁▁▁▁▁▁▁▁▁▁▁▁▁▁▁▁▁▁▁▁▁▁▁▁▁▁▁▁▁
wandb:          fgd/min_gradient_sq_norm █▃▁▁▁▁▁▁▁▁▁▁▁▁▁▁▁▁▁▁▁▁▁▁▁▁▁▁▁▁▁▁▁▁▁▁▁▁▁▁
wandb:                               +21 ...
wandb: 
wandb: Run summary:
wandb:                             epoch 200
wandb:                   event/step_type FGD
wandb:            fgd/approximation_norm 48.73515
wandb:            fgd/directional_cosine 0.99994
wandb:                  fgd/global_bound 600.82778
wandb:            fgd/global_bound_valid True
wandb:            fgd/global_contraction 1.0
wandb:              fgd/gradient_sq_norm 2383.46755
wandb: fgd/learning_rate_clipped_batches 0
wandb:  fgd/learning_rate_interval_valid True
wandb:                               +34 ...
wandb: 
wandb: 🚀 View run mnist_fgd_grow_3x2_th020 at: https://wandb.ai/TAU-Frugal/stable-tiny/runs/vi64l1gp
wandb: ⭐️ View project at: https://wandb.ai/TAU-Frugal/stable-tiny
wandb: Synced 5 W&B file(s), 2 media file(s), 4 artifact file(s) and 0 other file(s)
wandb: Find logs at: results/wandb/run-20260713_121559-vi64l1gp/logs

[FGD-WARN] Epoch 185: stationary-point bound failed; global-convergence bound failed; FGD conditions request growth
[GRO] Growing layer 2 at epoch 185
  scaling=0, train_loss=0.0275
  scaling=1, train_loss=0.0277
  scaling=0.381966, train_loss=0.0275
  scaling=0.618034, train_loss=0.0275
  scaling=0.236068, train_loss=0.0275
  scaling=0.145898, train_loss=0.0275
  scaling=0.0901699, train_loss=0.0275
  scaling=0.0557281, train_loss=0.0275
  scaling=0.0344419, train_loss=0.0275
  scaling=0.0212862, train_loss=0.0275
  scaling=0.0131556, train_loss=0.0275
  scaling=0.00813062, train_loss=0.0275
  scaling=0.005025, train_loss=0.0275
  scaling=0.00310562, train_loss=0.0275
  scaling=0.00621124, train_loss=0.0275
  scaling=0.00429186, train_loss=0.0275
[GRO] Epoch 185, train_loss=0.0275, validation_loss=0.0300, test_loss=0.0302 (+0.0000), train_acc=0.865, validation_acc=0.842, test_acc=0.851, scaling=0.01316
Model after growing:
LinearGrowingModule(LinearGrowingModule(Layer 0))(in_features=784, out_features=10, use_bias=True)
LinearGrowingModule(LinearGrowingModule(Layer 1))(in_features=10, out_features=15, use_bias=True)
LinearGrowingModule(LinearGrowingModule(Layer 2))(in_features=15, out_features=82, use_bias=True)
LinearGrowingModule(LinearGrowingModule(Layer 3))(in_features=82, out_features=10, use_bias=True)
[FGD] Epoch 186, train_loss=0.0273, validation_loss=0.0298, test_loss=0.0300 (-0.0002), train_acc=0.866, validation_acc=0.844, test_acc=0.849, lr=0.0004777, rel_err=0.011, selected_layer=0
[FGD-WARN] Epoch 186: learning-rate clipped on 4 batch(es)
[FGD] Epoch 187, train_loss=0.0273, validation_loss=0.0298, test_loss=0.0300 (-0.0000), train_acc=0.866, validation_acc=0.844, test_acc=0.849, lr=8.789e-09, rel_err=0.011, selected_layer=0
[FGD-WARN] Epoch 187: learning-rate clipped on 4 batch(es)
[FGD] Epoch 188, train_loss=0.0273, validation_loss=0.0298, test_loss=0.0300 (-0.0000), train_acc=0.866, validation_acc=0.844, test_acc=0.849, lr=1.139e-11, rel_err=0.011, selected_layer=0
[FGD] Epoch 189, train_loss=0.0273, validation_loss=0.0298, test_loss=0.0300 (+0.0000), train_acc=0.866, validation_acc=0.844, test_acc=0.849, lr=1.139e-11, rel_err=0.011, selected_layer=0
[FGD] Epoch 190, train_loss=0.0273, validation_loss=0.0298, test_loss=0.0300 (+0.0000), train_acc=0.866, validation_acc=0.844, test_acc=0.849, lr=1.139e-11, rel_err=0.011, selected_layer=0
[FGD] Epoch 191, train_loss=0.0273, validation_loss=0.0298, test_loss=0.0300 (-0.0000), train_acc=0.866, validation_acc=0.844, test_acc=0.849, lr=1.519e-11, rel_err=0.011, selected_layer=0
[FGD] Epoch 192, train_loss=0.0273, validation_loss=0.0298, test_loss=0.0300 (+0.0000), train_acc=0.866, validation_acc=0.844, test_acc=0.849, lr=7.593e-12, rel_err=0.011, selected_layer=0
[FGD] Epoch 193, train_loss=0.0273, validation_loss=0.0298, test_loss=0.0300 (+0.0000), train_acc=0.866, validation_acc=0.844, test_acc=0.849, lr=7.593e-12, rel_err=0.011, selected_layer=0
[FGD] Epoch 194, train_loss=0.0273, validation_loss=0.0298, test_loss=0.0300 (-0.0000), train_acc=0.866, validation_acc=0.844, test_acc=0.849, lr=1.898e-11, rel_err=0.011, selected_layer=0
[FGD] Epoch 195, train_loss=0.0273, validation_loss=0.0298, test_loss=0.0300 (+0.0000), train_acc=0.866, validation_acc=0.844, test_acc=0.849, lr=1.139e-11, rel_err=0.011, selected_layer=0
[FGD] Epoch 196, train_loss=0.0273, validation_loss=0.0298, test_loss=0.0300 (+0.0000), train_acc=0.866, validation_acc=0.844, test_acc=0.849, lr=1.519e-11, rel_err=0.011, selected_layer=0
[FGD] Epoch 197, train_loss=0.0273, validation_loss=0.0298, test_loss=0.0300 (-0.0000), train_acc=0.866, validation_acc=0.844, test_acc=0.849, lr=1.898e-11, rel_err=0.011, selected_layer=0
[FGD] Epoch 198, train_loss=0.0273, validation_loss=0.0298, test_loss=0.0300 (+0.0000), train_acc=0.866, validation_acc=0.844, test_acc=0.849, lr=1.139e-11, rel_err=0.011, selected_layer=0
[FGD] Epoch 199, train_loss=0.0273, validation_loss=0.0298, test_loss=0.0300 (+0.0000), train_acc=0.866, validation_acc=0.844, test_acc=0.849, lr=3.796e-12, rel_err=0.011, selected_layer=0
[FGD] Epoch 200, train_loss=0.0273, validation_loss=0.0298, test_loss=0.0300 (+0.0000), train_acc=0.866, validation_acc=0.844, test_acc=0.849, lr=2.658e-11, rel_err=0.011, selected_layer=0
Saved history: results/mnist_fgd_grow_3x2_th020_history.json
