nohup: ignoring input
wandb: [wandb.login()] Using explicit session credentials for https://api.wandb.ai.
wandb: Appending key for api.wandb.ai to your netrc file: /home/santiago/.netrc
wandb: Currently logged in as: santiago-florido (TAU-Frugal) to https://api.wandb.ai. Use `wandb login --relogin` to force relogin
wandb: Tracking run with wandb version 0.28.0
wandb: Run data is saved locally in results/wandb/run-20260713_140648-r1o0v65h
wandb: Run `wandb offline` to turn off syncing.
wandb: Syncing run mnist_normal_adamw_3x18_15k
wandb: ⭐️ View project at https://wandb.ai/TAU-Frugal/stable-tiny
wandb: 🚀 View run at https://wandb.ai/TAU-Frugal/stable-tiny/runs/r1o0v65h
Using device: cuda
Training method: normal
W&B logging enabled: project=stable-tiny, run=mnist_normal_adamw_3x18_15k
Original model:
LinearGrowingModule(LinearGrowingModule(Layer 0))(in_features=784, out_features=18, use_bias=True)
LinearGrowingModule(LinearGrowingModule(Layer 1))(in_features=18, out_features=18, use_bias=True)
LinearGrowingModule(LinearGrowingModule(Layer 2))(in_features=18, out_features=18, use_bias=True)
LinearGrowingModule(LinearGrowingModule(Layer 3))(in_features=18, out_features=10, use_bias=True)
[INIT] Epoch 0, train_loss=0.2328, validation_loss=0.2316, test_loss=0.2335, train_acc=0.082, validation_acc=0.077, test_acc=0.079
[SGD] Epoch 1, train_loss=0.0375, validation_loss=0.0388, test_loss=0.0402 (-0.1933), train_acc=0.856, validation_acc=0.842, test_acc=0.834, lr=0.0009999
[SGD] Epoch 2, train_loss=0.0310, validation_loss=0.0337, test_loss=0.0341 (-0.0060), train_acc=0.882, validation_acc=0.865, test_acc=0.855, lr=0.0009998
[SGD] Epoch 3, train_loss=0.0269, validation_loss=0.0313, test_loss=0.0315 (-0.0026), train_acc=0.903, validation_acc=0.880, test_acc=0.877, lr=0.0009994
[SGD] Epoch 4, train_loss=0.0244, validation_loss=0.0312, test_loss=0.0297 (-0.0018), train_acc=0.912, validation_acc=0.891, test_acc=0.878, lr=0.000999
[SGD] Epoch 5, train_loss=0.0225, validation_loss=0.0304, test_loss=0.0283 (-0.0014), train_acc=0.922, validation_acc=0.901, test_acc=0.884, lr=0.0009985
[SGD] Epoch 6, train_loss=0.0208, validation_loss=0.0303, test_loss=0.0274 (-0.0010), train_acc=0.926, validation_acc=0.902, test_acc=0.887, lr=0.0009978
[SGD] Epoch 7, train_loss=0.0195, validation_loss=0.0293, test_loss=0.0261 (-0.0013), train_acc=0.935, validation_acc=0.907, test_acc=0.898, lr=0.000997
[SGD] Epoch 8, train_loss=0.0184, validation_loss=0.0286, test_loss=0.0251 (-0.0010), train_acc=0.939, validation_acc=0.912, test_acc=0.895, lr=0.0009961
[SGD] Epoch 9, train_loss=0.0175, validation_loss=0.0286, test_loss=0.0248 (-0.0003), train_acc=0.943, validation_acc=0.914, test_acc=0.902, lr=0.000995
[SGD] Epoch 10, train_loss=0.0166, validation_loss=0.0280, test_loss=0.0242 (-0.0005), train_acc=0.945, validation_acc=0.916, test_acc=0.906, lr=0.0009938
[SGD] Epoch 11, train_loss=0.0159, validation_loss=0.0280, test_loss=0.0237 (-0.0006), train_acc=0.947, validation_acc=0.918, test_acc=0.904, lr=0.0009926
[SGD] Epoch 12, train_loss=0.0152, validation_loss=0.0265, test_loss=0.0227 (-0.0010), train_acc=0.950, validation_acc=0.922, test_acc=0.913, lr=0.0009911
[SGD] Epoch 13, train_loss=0.0146, validation_loss=0.0266, test_loss=0.0225 (-0.0001), train_acc=0.952, validation_acc=0.918, test_acc=0.912, lr=0.0009896
[SGD] Epoch 14, train_loss=0.0142, validation_loss=0.0265, test_loss=0.0222 (-0.0003), train_acc=0.955, validation_acc=0.920, test_acc=0.916, lr=0.000988
[SGD] Epoch 15, train_loss=0.0136, validation_loss=0.0260, test_loss=0.0219 (-0.0003), train_acc=0.955, validation_acc=0.918, test_acc=0.914, lr=0.0009862
[SGD] Epoch 16, train_loss=0.0132, validation_loss=0.0259, test_loss=0.0217 (-0.0002), train_acc=0.957, validation_acc=0.925, test_acc=0.914, lr=0.0009843
[SGD] Epoch 17, train_loss=0.0129, validation_loss=0.0264, test_loss=0.0217 (+0.0001), train_acc=0.958, validation_acc=0.922, test_acc=0.916, lr=0.0009823
[SGD] Epoch 18, train_loss=0.0125, validation_loss=0.0270, test_loss=0.0221 (+0.0004), train_acc=0.957, validation_acc=0.922, test_acc=0.913, lr=0.0009801
[SGD] Epoch 19, train_loss=0.0123, validation_loss=0.0249, test_loss=0.0210 (-0.0011), train_acc=0.961, validation_acc=0.927, test_acc=0.915, lr=0.0009779
[SGD] Epoch 20, train_loss=0.0118, validation_loss=0.0263, test_loss=0.0217 (+0.0007), train_acc=0.963, validation_acc=0.929, test_acc=0.919, lr=0.0009755
[SGD] Epoch 21, train_loss=0.0118, validation_loss=0.0264, test_loss=0.0216 (-0.0000), train_acc=0.963, validation_acc=0.923, test_acc=0.915, lr=0.000973
[SGD] Epoch 22, train_loss=0.0113, validation_loss=0.0271, test_loss=0.0214 (-0.0003), train_acc=0.964, validation_acc=0.921, test_acc=0.916, lr=0.0009704
[SGD] Epoch 23, train_loss=0.0112, validation_loss=0.0284, test_loss=0.0215 (+0.0001), train_acc=0.964, validation_acc=0.925, test_acc=0.918, lr=0.0009677
[SGD] Epoch 24, train_loss=0.0109, validation_loss=0.0274, test_loss=0.0211 (-0.0003), train_acc=0.965, validation_acc=0.923, test_acc=0.920, lr=0.0009649
[SGD] Epoch 25, train_loss=0.0109, validation_loss=0.0292, test_loss=0.0217 (+0.0006), train_acc=0.966, validation_acc=0.924, test_acc=0.920, lr=0.0009619
[SGD] Epoch 26, train_loss=0.0104, validation_loss=0.0280, test_loss=0.0209 (-0.0008), train_acc=0.968, validation_acc=0.925, test_acc=0.919, lr=0.0009589
[SGD] Epoch 27, train_loss=0.0102, validation_loss=0.0296, test_loss=0.0211 (+0.0002), train_acc=0.968, validation_acc=0.925, test_acc=0.920, lr=0.0009557
[SGD] Epoch 28, train_loss=0.0100, validation_loss=0.0307, test_loss=0.0215 (+0.0004), train_acc=0.969, validation_acc=0.926, test_acc=0.921, lr=0.0009524
[SGD] Epoch 29, train_loss=0.0100, validation_loss=0.0315, test_loss=0.0216 (+0.0001), train_acc=0.970, validation_acc=0.926, test_acc=0.921, lr=0.000949
[SGD] Epoch 30, train_loss=0.0096, validation_loss=0.0347, test_loss=0.0222 (+0.0006), train_acc=0.972, validation_acc=0.924, test_acc=0.925, lr=0.0009455
[SGD] Epoch 31, train_loss=0.0097, validation_loss=0.0354, test_loss=0.0222 (+0.0000), train_acc=0.973, validation_acc=0.926, test_acc=0.924, lr=0.0009419
[SGD] Epoch 32, train_loss=0.0092, validation_loss=0.0384, test_loss=0.0228 (+0.0006), train_acc=0.974, validation_acc=0.926, test_acc=0.923, lr=0.0009382
[SGD] Epoch 33, train_loss=0.0092, validation_loss=0.0376, test_loss=0.0225 (-0.0002), train_acc=0.975, validation_acc=0.927, test_acc=0.922, lr=0.0009343
[SGD] Epoch 34, train_loss=0.0091, validation_loss=0.0403, test_loss=0.0232 (+0.0007), train_acc=0.974, validation_acc=0.927, test_acc=0.924, lr=0.0009304
[SGD] Epoch 35, train_loss=0.0089, validation_loss=0.0400, test_loss=0.0230 (-0.0002), train_acc=0.975, validation_acc=0.928, test_acc=0.927, lr=0.0009263
[SGD] Epoch 36, train_loss=0.0088, validation_loss=0.0411, test_loss=0.0236 (+0.0005), train_acc=0.976, validation_acc=0.928, test_acc=0.922, lr=0.0009222
[SGD] Epoch 37, train_loss=0.0086, validation_loss=0.0433, test_loss=0.0237 (+0.0001), train_acc=0.976, validation_acc=0.927, test_acc=0.925, lr=0.0009179
[SGD] Epoch 38, train_loss=0.0084, validation_loss=0.0425, test_loss=0.0234 (-0.0003), train_acc=0.978, validation_acc=0.930, test_acc=0.924, lr=0.0009135
[SGD] Epoch 39, train_loss=0.0084, validation_loss=0.0424, test_loss=0.0235 (+0.0002), train_acc=0.979, validation_acc=0.927, test_acc=0.921, lr=0.0009091
[SGD] Epoch 40, train_loss=0.0082, validation_loss=0.0415, test_loss=0.0231 (-0.0005), train_acc=0.980, validation_acc=0.928, test_acc=0.923, lr=0.0009045
[SGD] Epoch 41, train_loss=0.0081, validation_loss=0.0455, test_loss=0.0245 (+0.0014), train_acc=0.979, validation_acc=0.927, test_acc=0.922, lr=0.0008998
[SGD] Epoch 42, train_loss=0.0081, validation_loss=0.0436, test_loss=0.0237 (-0.0007), train_acc=0.979, validation_acc=0.932, test_acc=0.918, lr=0.0008951
[SGD] Epoch 43, train_loss=0.0078, validation_loss=0.0462, test_loss=0.0245 (+0.0008), train_acc=0.979, validation_acc=0.931, test_acc=0.922, lr=0.0008902
[SGD] Epoch 44, train_loss=0.0078, validation_loss=0.0476, test_loss=0.0248 (+0.0003), train_acc=0.980, validation_acc=0.929, test_acc=0.922, lr=0.0008853
[SGD] Epoch 45, train_loss=0.0077, validation_loss=0.0479, test_loss=0.0249 (+0.0001), train_acc=0.981, validation_acc=0.930, test_acc=0.924, lr=0.0008802
[SGD] Epoch 46, train_loss=0.0078, validation_loss=0.0464, test_loss=0.0250 (+0.0001), train_acc=0.981, validation_acc=0.928, test_acc=0.922, lr=0.0008751
[SGD] Epoch 47, train_loss=0.0074, validation_loss=0.0479, test_loss=0.0248 (-0.0002), train_acc=0.982, validation_acc=0.933, test_acc=0.924, lr=0.0008698
[SGD] Epoch 48, train_loss=0.0072, validation_loss=0.0488, test_loss=0.0249 (+0.0001), train_acc=0.983, validation_acc=0.933, test_acc=0.922, lr=0.0008645
[SGD] Epoch 49, train_loss=0.0073, validation_loss=0.0518, test_loss=0.0259 (+0.0010), train_acc=0.983, validation_acc=0.927, test_acc=0.922, lr=0.0008591
[SGD] Epoch 50, train_loss=0.0071, validation_loss=0.0514, test_loss=0.0258 (-0.0002), train_acc=0.983, validation_acc=0.929, test_acc=0.921, lr=0.0008536
[SGD] Epoch 51, train_loss=0.0072, validation_loss=0.0531, test_loss=0.0265 (+0.0007), train_acc=0.982, validation_acc=0.929, test_acc=0.923, lr=0.000848
[SGD] Epoch 52, train_loss=0.0070, validation_loss=0.0509, test_loss=0.0257 (-0.0007), train_acc=0.984, validation_acc=0.930, test_acc=0.924, lr=0.0008423
[SGD] Epoch 53, train_loss=0.0069, validation_loss=0.0543, test_loss=0.0266 (+0.0008), train_acc=0.984, validation_acc=0.927, test_acc=0.922, lr=0.0008365
[SGD] Epoch 54, train_loss=0.0068, validation_loss=0.0585, test_loss=0.0278 (+0.0012), train_acc=0.984, validation_acc=0.928, test_acc=0.923, lr=0.0008307
[SGD] Epoch 55, train_loss=0.0068, validation_loss=0.0580, test_loss=0.0278 (+0.0000), train_acc=0.985, validation_acc=0.927, test_acc=0.923, lr=0.0008247
[SGD] Epoch 56, train_loss=0.0067, validation_loss=0.0594, test_loss=0.0284 (+0.0006), train_acc=0.985, validation_acc=0.928, test_acc=0.924, lr=0.0008187
[SGD] Epoch 57, train_loss=0.0065, validation_loss=0.0603, test_loss=0.0286 (+0.0002), train_acc=0.985, validation_acc=0.928, test_acc=0.922, lr=0.0008126
[SGD] Epoch 58, train_loss=0.0065, validation_loss=0.0655, test_loss=0.0303 (+0.0017), train_acc=0.985, validation_acc=0.926, test_acc=0.923, lr=0.0008065
[SGD] Epoch 59, train_loss=0.0064, validation_loss=0.0678, test_loss=0.0311 (+0.0009), train_acc=0.986, validation_acc=0.927, test_acc=0.923, lr=0.0008002
[SGD] Epoch 60, train_loss=0.0064, validation_loss=0.0714, test_loss=0.0321 (+0.0010), train_acc=0.986, validation_acc=0.926, test_acc=0.923, lr=0.0007939
[SGD] Epoch 61, train_loss=0.0064, validation_loss=0.0677, test_loss=0.0312 (-0.0009), train_acc=0.986, validation_acc=0.925, test_acc=0.923, lr=0.0007875
[SGD] Epoch 62, train_loss=0.0062, validation_loss=0.0701, test_loss=0.0315 (+0.0002), train_acc=0.986, validation_acc=0.928, test_acc=0.922, lr=0.000781
[SGD] Epoch 63, train_loss=0.0061, validation_loss=0.0756, test_loss=0.0336 (+0.0021), train_acc=0.987, validation_acc=0.930, test_acc=0.920, lr=0.0007745
[SGD] Epoch 64, train_loss=0.0060, validation_loss=0.0760, test_loss=0.0340 (+0.0004), train_acc=0.987, validation_acc=0.930, test_acc=0.924, lr=0.0007679
[SGD] Epoch 65, train_loss=0.0059, validation_loss=0.0787, test_loss=0.0343 (+0.0003), train_acc=0.987, validation_acc=0.932, test_acc=0.924, lr=0.0007612
[SGD] Epoch 66, train_loss=0.0060, validation_loss=0.0815, test_loss=0.0353 (+0.0010), train_acc=0.987, validation_acc=0.924, test_acc=0.919, lr=0.0007545
[SGD] Epoch 67, train_loss=0.0059, validation_loss=0.0924, test_loss=0.0384 (+0.0031), train_acc=0.987, validation_acc=0.924, test_acc=0.922, lr=0.0007477
[SGD] Epoch 68, train_loss=0.0057, validation_loss=0.0885, test_loss=0.0372 (-0.0013), train_acc=0.988, validation_acc=0.926, test_acc=0.921, lr=0.0007409
[SGD] Epoch 69, train_loss=0.0057, validation_loss=0.0959, test_loss=0.0397 (+0.0026), train_acc=0.988, validation_acc=0.928, test_acc=0.922, lr=0.000734
[SGD] Epoch 70, train_loss=0.0057, validation_loss=0.1026, test_loss=0.0415 (+0.0018), train_acc=0.988, validation_acc=0.924, test_acc=0.918, lr=0.000727
[SGD] Epoch 71, train_loss=0.0057, validation_loss=0.1149, test_loss=0.0449 (+0.0034), train_acc=0.988, validation_acc=0.924, test_acc=0.922, lr=0.00072
[SGD] Epoch 72, train_loss=0.0055, validation_loss=0.1109, test_loss=0.0439 (-0.0010), train_acc=0.989, validation_acc=0.925, test_acc=0.922, lr=0.0007129
[SGD] Epoch 73, train_loss=0.0054, validation_loss=0.1130, test_loss=0.0449 (+0.0010), train_acc=0.989, validation_acc=0.929, test_acc=0.921, lr=0.0007058
[SGD] Epoch 74, train_loss=0.0054, validation_loss=0.1216, test_loss=0.0470 (+0.0021), train_acc=0.988, validation_acc=0.928, test_acc=0.920, lr=0.0006986
[SGD] Epoch 75, train_loss=0.0055, validation_loss=0.1294, test_loss=0.0491 (+0.0021), train_acc=0.989, validation_acc=0.923, test_acc=0.919, lr=0.0006913
[SGD] Epoch 76, train_loss=0.0053, validation_loss=0.1292, test_loss=0.0492 (+0.0001), train_acc=0.989, validation_acc=0.925, test_acc=0.921, lr=0.0006841
[SGD] Epoch 77, train_loss=0.0053, validation_loss=0.1497, test_loss=0.0540 (+0.0048), train_acc=0.989, validation_acc=0.922, test_acc=0.921, lr=0.0006767
[SGD] Epoch 78, train_loss=0.0053, validation_loss=0.1360, test_loss=0.0509 (-0.0032), train_acc=0.989, validation_acc=0.925, test_acc=0.921, lr=0.0006694
[SGD] Epoch 79, train_loss=0.0052, validation_loss=0.1503, test_loss=0.0540 (+0.0031), train_acc=0.990, validation_acc=0.925, test_acc=0.923, lr=0.000662
[SGD] Epoch 80, train_loss=0.0052, validation_loss=0.1581, test_loss=0.0566 (+0.0027), train_acc=0.990, validation_acc=0.923, test_acc=0.919, lr=0.0006545
[SGD] Epoch 81, train_loss=0.0051, validation_loss=0.1598, test_loss=0.0568 (+0.0002), train_acc=0.989, validation_acc=0.922, test_acc=0.919, lr=0.000647
[SGD] Epoch 82, train_loss=0.0051, validation_loss=0.1655, test_loss=0.0589 (+0.0021), train_acc=0.990, validation_acc=0.926, test_acc=0.920, lr=0.0006395
[SGD] Epoch 83, train_loss=0.0050, validation_loss=0.1812, test_loss=0.0641 (+0.0052), train_acc=0.990, validation_acc=0.922, test_acc=0.919, lr=0.0006319
[SGD] Epoch 84, train_loss=0.0050, validation_loss=0.1871, test_loss=0.0660 (+0.0019), train_acc=0.990, validation_acc=0.922, test_acc=0.919, lr=0.0006243
[SGD] Epoch 85, train_loss=0.0049, validation_loss=0.2070, test_loss=0.0717 (+0.0057), train_acc=0.990, validation_acc=0.921, test_acc=0.918, lr=0.0006167
[SGD] Epoch 86, train_loss=0.0049, validation_loss=0.2097, test_loss=0.0724 (+0.0007), train_acc=0.990, validation_acc=0.920, test_acc=0.919, lr=0.0006091
[SGD] Epoch 87, train_loss=0.0048, validation_loss=0.2134, test_loss=0.0738 (+0.0014), train_acc=0.990, validation_acc=0.922, test_acc=0.920, lr=0.0006014
[SGD] Epoch 88, train_loss=0.0048, validation_loss=0.2143, test_loss=0.0741 (+0.0003), train_acc=0.990, validation_acc=0.922, test_acc=0.916, lr=0.0005937
[SGD] Epoch 89, train_loss=0.0047, validation_loss=0.2191, test_loss=0.0755 (+0.0014), train_acc=0.991, validation_acc=0.922, test_acc=0.915, lr=0.000586
[SGD] Epoch 90, train_loss=0.0047, validation_loss=0.2240, test_loss=0.0772 (+0.0017), train_acc=0.991, validation_acc=0.920, test_acc=0.917, lr=0.0005782
[SGD] Epoch 91, train_loss=0.0047, validation_loss=0.2318, test_loss=0.0798 (+0.0027), train_acc=0.991, validation_acc=0.922, test_acc=0.919, lr=0.0005705
[SGD] Epoch 92, train_loss=0.0047, validation_loss=0.2385, test_loss=0.0817 (+0.0019), train_acc=0.991, validation_acc=0.922, test_acc=0.915, lr=0.0005627
[SGD] Epoch 93, train_loss=0.0047, validation_loss=0.2543, test_loss=0.0865 (+0.0048), train_acc=0.991, validation_acc=0.919, test_acc=0.917, lr=0.0005549
[SGD] Epoch 94, train_loss=0.0046, validation_loss=0.2559, test_loss=0.0875 (+0.0011), train_acc=0.991, validation_acc=0.919, test_acc=0.918, lr=0.0005471
[SGD] Epoch 95, train_loss=0.0045, validation_loss=0.2597, test_loss=0.0882 (+0.0006), train_acc=0.991, validation_acc=0.919, test_acc=0.916, lr=0.0005392
[SGD] Epoch 96, train_loss=0.0045, validation_loss=0.2843, test_loss=0.0952 (+0.0070), train_acc=0.991, validation_acc=0.920, test_acc=0.916, lr=0.0005314
[SGD] Epoch 97, train_loss=0.0045, validation_loss=0.2856, test_loss=0.0948 (-0.0004), train_acc=0.991, validation_acc=0.920, test_acc=0.916, lr=0.0005236
[SGD] Epoch 98, train_loss=0.0045, validation_loss=0.2932, test_loss=0.0970 (+0.0022), train_acc=0.991, validation_acc=0.919, test_acc=0.915, lr=0.0005157
[SGD] Epoch 99, train_loss=0.0044, validation_loss=0.3134, test_loss=0.1036 (+0.0066), train_acc=0.991, validation_acc=0.918, test_acc=0.914, lr=0.0005079
[SGD] Epoch 100, train_loss=0.0044, validation_loss=0.3227, test_loss=0.1067 (+0.0031), train_acc=0.991, validation_acc=0.919, test_acc=0.916, lr=0.0005
[SGD] Epoch 101, train_loss=0.0043, validation_loss=0.3313, test_loss=0.1087 (+0.0020), train_acc=0.992, validation_acc=0.919, test_acc=0.916, lr=0.0004921
[SGD] Epoch 102, train_loss=0.0043, validation_loss=0.3279, test_loss=0.1078 (-0.0009), train_acc=0.991, validation_acc=0.924, test_acc=0.914, lr=0.0004843
[SGD] Epoch 103, train_loss=0.0043, validation_loss=0.3538, test_loss=0.1157 (+0.0079), train_acc=0.992, validation_acc=0.921, test_acc=0.912, lr=0.0004764
[SGD] Epoch 104, train_loss=0.0043, validation_loss=0.3548, test_loss=0.1156 (-0.0001), train_acc=0.992, validation_acc=0.919, test_acc=0.914, lr=0.0004686
[SGD] Epoch 105, train_loss=0.0042, validation_loss=0.3550, test_loss=0.1161 (+0.0005), train_acc=0.992, validation_acc=0.920, test_acc=0.915, lr=0.0004608
[SGD] Epoch 106, train_loss=0.0042, validation_loss=0.3760, test_loss=0.1224 (+0.0063), train_acc=0.992, validation_acc=0.920, test_acc=0.914, lr=0.0004529
[SGD] Epoch 107, train_loss=0.0041, validation_loss=0.4053, test_loss=0.1302 (+0.0078), train_acc=0.992, validation_acc=0.921, test_acc=0.914, lr=0.0004451
[SGD] Epoch 108, train_loss=0.0041, validation_loss=0.4034, test_loss=0.1310 (+0.0008), train_acc=0.992, validation_acc=0.923, test_acc=0.914, lr=0.0004373
[SGD] Epoch 109, train_loss=0.0041, validation_loss=0.4164, test_loss=0.1335 (+0.0025), train_acc=0.992, validation_acc=0.921, test_acc=0.913, lr=0.0004295
[SGD] Epoch 110, train_loss=0.0041, validation_loss=0.4205, test_loss=0.1353 (+0.0018), train_acc=0.992, validation_acc=0.919, test_acc=0.914, lr=0.0004218
[SGD] Epoch 111, train_loss=0.0042, validation_loss=0.4335, test_loss=0.1387 (+0.0034), train_acc=0.992, validation_acc=0.916, test_acc=0.912, lr=0.000414
[SGD] Epoch 112, train_loss=0.0040, validation_loss=0.4463, test_loss=0.1439 (+0.0052), train_acc=0.992, validation_acc=0.919, test_acc=0.913, lr=0.0004063
[SGD] Epoch 113, train_loss=0.0041, validation_loss=0.4584, test_loss=0.1459 (+0.0020), train_acc=0.993, validation_acc=0.919, test_acc=0.909, lr=0.0003986
[SGD] Epoch 114, train_loss=0.0040, validation_loss=0.4865, test_loss=0.1549 (+0.0090), train_acc=0.993, validation_acc=0.921, test_acc=0.912, lr=0.0003909
[SGD] Epoch 115, train_loss=0.0040, validation_loss=0.4912, test_loss=0.1555 (+0.0006), train_acc=0.993, validation_acc=0.917, test_acc=0.915, lr=0.0003833
[SGD] Epoch 116, train_loss=0.0039, validation_loss=0.5084, test_loss=0.1609 (+0.0054), train_acc=0.993, validation_acc=0.919, test_acc=0.914, lr=0.0003757
[SGD] Epoch 117, train_loss=0.0039, validation_loss=0.5543, test_loss=0.1731 (+0.0122), train_acc=0.992, validation_acc=0.917, test_acc=0.915, lr=0.0003681
[SGD] Epoch 118, train_loss=0.0039, validation_loss=0.5489, test_loss=0.1715 (-0.0016), train_acc=0.993, validation_acc=0.918, test_acc=0.912, lr=0.0003605
[SGD] Epoch 119, train_loss=0.0039, validation_loss=0.5342, test_loss=0.1671 (-0.0044), train_acc=0.993, validation_acc=0.919, test_acc=0.914, lr=0.000353
[SGD] Epoch 120, train_loss=0.0039, validation_loss=0.5644, test_loss=0.1757 (+0.0085), train_acc=0.993, validation_acc=0.922, test_acc=0.915, lr=0.0003455
[SGD] Epoch 121, train_loss=0.0038, validation_loss=0.5964, test_loss=0.1856 (+0.0100), train_acc=0.993, validation_acc=0.916, test_acc=0.913, lr=0.000338
[SGD] Epoch 122, train_loss=0.0038, validation_loss=0.5913, test_loss=0.1839 (-0.0017), train_acc=0.993, validation_acc=0.919, test_acc=0.911, lr=0.0003306
[SGD] Epoch 123, train_loss=0.0038, validation_loss=0.6262, test_loss=0.1955 (+0.0115), train_acc=0.993, validation_acc=0.920, test_acc=0.910, lr=0.0003233
[SGD] Epoch 124, train_loss=0.0038, validation_loss=0.6062, test_loss=0.1885 (-0.0070), train_acc=0.993, validation_acc=0.919, test_acc=0.913, lr=0.0003159
[SGD] Epoch 125, train_loss=0.0037, validation_loss=0.6451, test_loss=0.2001 (+0.0117), train_acc=0.993, validation_acc=0.917, test_acc=0.912, lr=0.0003087
[SGD] Epoch 126, train_loss=0.0037, validation_loss=0.6667, test_loss=0.2058 (+0.0057), train_acc=0.993, validation_acc=0.918, test_acc=0.911, lr=0.0003014
[SGD] Epoch 127, train_loss=0.0037, validation_loss=0.6778, test_loss=0.2098 (+0.0040), train_acc=0.993, validation_acc=0.918, test_acc=0.911, lr=0.0002942
[SGD] Epoch 128, train_loss=0.0037, validation_loss=0.6939, test_loss=0.2127 (+0.0029), train_acc=0.993, validation_acc=0.918, test_acc=0.913, lr=0.0002871
[SGD] Epoch 129, train_loss=0.0037, validation_loss=0.7399, test_loss=0.2277 (+0.0150), train_acc=0.993, validation_acc=0.920, test_acc=0.912, lr=0.00028
[SGD] Epoch 130, train_loss=0.0037, validation_loss=0.7617, test_loss=0.2334 (+0.0057), train_acc=0.993, validation_acc=0.922, test_acc=0.911, lr=0.000273
[SGD] Epoch 131, train_loss=0.0036, validation_loss=0.7517, test_loss=0.2295 (-0.0040), train_acc=0.993, validation_acc=0.918, test_acc=0.911, lr=0.000266
[SGD] Epoch 132, train_loss=0.0036, validation_loss=0.7703, test_loss=0.2337 (+0.0043), train_acc=0.993, validation_acc=0.921, test_acc=0.912, lr=0.0002591
[SGD] Epoch 133, train_loss=0.0036, validation_loss=0.8095, test_loss=0.2465 (+0.0128), train_acc=0.993, validation_acc=0.919, test_acc=0.910, lr=0.0002523
[SGD] Epoch 134, train_loss=0.0036, validation_loss=0.8090, test_loss=0.2452 (-0.0014), train_acc=0.993, validation_acc=0.918, test_acc=0.912, lr=0.0002455
[SGD] Epoch 135, train_loss=0.0036, validation_loss=0.8228, test_loss=0.2483 (+0.0032), train_acc=0.993, validation_acc=0.919, test_acc=0.914, lr=0.0002388
[SGD] Epoch 136, train_loss=0.0035, validation_loss=0.8388, test_loss=0.2529 (+0.0046), train_acc=0.993, validation_acc=0.917, test_acc=0.909, lr=0.0002321
[SGD] Epoch 137, train_loss=0.0035, validation_loss=0.8563, test_loss=0.2572 (+0.0042), train_acc=0.993, validation_acc=0.921, test_acc=0.909, lr=0.0002255
[SGD] Epoch 138, train_loss=0.0035, validation_loss=0.8610, test_loss=0.2585 (+0.0014), train_acc=0.993, validation_acc=0.919, test_acc=0.909, lr=0.000219
[SGD] Epoch 139, train_loss=0.0035, validation_loss=0.8749, test_loss=0.2626 (+0.0041), train_acc=0.993, validation_acc=0.920, test_acc=0.912, lr=0.0002125
[SGD] Epoch 140, train_loss=0.0035, validation_loss=0.9058, test_loss=0.2720 (+0.0094), train_acc=0.993, validation_acc=0.919, test_acc=0.912, lr=0.0002061
[SGD] Epoch 141, train_loss=0.0035, validation_loss=0.8997, test_loss=0.2690 (-0.0030), train_acc=0.993, validation_acc=0.917, test_acc=0.909, lr=0.0001998
[SGD] Epoch 142, train_loss=0.0035, validation_loss=0.9457, test_loss=0.2830 (+0.0140), train_acc=0.993, validation_acc=0.917, test_acc=0.909, lr=0.0001935
[SGD] Epoch 143, train_loss=0.0034, validation_loss=0.9356, test_loss=0.2797 (-0.0033), train_acc=0.993, validation_acc=0.918, test_acc=0.910, lr=0.0001874
[SGD] Epoch 144, train_loss=0.0034, validation_loss=0.9634, test_loss=0.2882 (+0.0085), train_acc=0.993, validation_acc=0.917, test_acc=0.910, lr=0.0001813
[SGD] Epoch 145, train_loss=0.0034, validation_loss=0.9638, test_loss=0.2870 (-0.0012), train_acc=0.993, validation_acc=0.919, test_acc=0.909, lr=0.0001753
[SGD] Epoch 146, train_loss=0.0034, validation_loss=0.9766, test_loss=0.2911 (+0.0041), train_acc=0.993, validation_acc=0.918, test_acc=0.907, lr=0.0001693
[SGD] Epoch 147, train_loss=0.0034, validation_loss=0.9858, test_loss=0.2934 (+0.0022), train_acc=0.993, validation_acc=0.918, test_acc=0.908, lr=0.0001635
[SGD] Epoch 148, train_loss=0.0034, validation_loss=1.0078, test_loss=0.2995 (+0.0061), train_acc=0.993, validation_acc=0.918, test_acc=0.911, lr=0.0001577
[SGD] Epoch 149, train_loss=0.0034, validation_loss=1.0039, test_loss=0.2978 (-0.0017), train_acc=0.993, validation_acc=0.916, test_acc=0.910, lr=0.000152
[SGD] Epoch 150, train_loss=0.0034, validation_loss=1.0313, test_loss=0.3064 (+0.0086), train_acc=0.993, validation_acc=0.918, test_acc=0.907, lr=0.0001464
[SGD] Epoch 151, train_loss=0.0034, validation_loss=1.0308, test_loss=0.3060 (-0.0004), train_acc=0.993, validation_acc=0.918, test_acc=0.908, lr=0.0001409
[SGD] Epoch 152, train_loss=0.0034, validation_loss=1.0317, test_loss=0.3061 (+0.0001), train_acc=0.993, validation_acc=0.918, test_acc=0.907, lr=0.0001355
[SGD] Epoch 153, train_loss=0.0034, validation_loss=1.0519, test_loss=0.3117 (+0.0057), train_acc=0.993, validation_acc=0.918, test_acc=0.907, lr=0.0001302
[SGD] Epoch 154, train_loss=0.0034, validation_loss=1.0677, test_loss=0.3157 (+0.0040), train_acc=0.993, validation_acc=0.917, test_acc=0.908, lr=0.0001249
[SGD] Epoch 155, train_loss=0.0033, validation_loss=1.0675, test_loss=0.3145 (-0.0013), train_acc=0.993, validation_acc=0.919, test_acc=0.908, lr=0.0001198wandb: updating run metadata
wandb: uploading wandb-summary.json; uploading config.yaml; uploading output.log
wandb: uploading output.log
wandb: 
wandb: Run history:
wandb:                   epoch ▁▁▁▁▂▂▂▂▃▃▃▃▄▄▅▅▅▅▅▅▅▆▆▆▆▇▇▇▇▇▇▇▇▇▇█████
wandb:        model/num_params ▁▁▁▁▁▁▁▁▁▁▁▁▁▁▁▁▁▁▁▁▁▁▁▁▁▁▁▁▁▁▁▁▁▁▁▁▁▁▁▁
wandb: optimizer/learning_rate █████████▇▇▇▇▇▇▇▇▆▆▆▅▅▅▄▄▃▃▃▃▂▂▂▂▂▁▁▁▁▁▁
wandb:           test/accuracy ▁▇██████████████████████████████████████
wandb:               test/loss ▁▁▁▁▁▁▁▁▁▁▁▁▁▁▁▁▂▂▂▂▂▃▃▃▄▅▅▇▇▇▇█████████
wandb:          train/accuracy ▁▂▃▃▄▄▄▅▆▆▇▇▇▇▇▇█▇██████████████████████
wandb:              train/loss █▂▁▁▁▁▁▁▁▁▁▁▁▁▁▁▁▁▁▁▁▁▁▁▁▁▁▁▁▁▁▁▁▁▁▁▁▁▁▁
wandb:     validation/accuracy ▁▂▃▄▃▇▇█▇▆▆▇█▅▅▆▆▆▄▄▅▅▃▂▃▂▃▃▃▃▄▃▃▃▃▃▃▃▃▃
wandb:         validation/loss ▂▁▁▁▁▁▁▁▁▁▁▁▁▁▁▁▂▂▂▂▂▂▂▃▃▃▃▄▄▄▅▇▇▇▇█████
wandb: 
wandb: Run summary:
wandb:                   epoch 200
wandb:         event/step_type SGD
wandb:        final/num_params 15004
wandb:     final/test_accuracy 0.9065
wandb:         final/test_loss 0.34359
wandb:    final/train_accuracy 0.9931
wandb:        final/train_loss 0.00322
wandb:        model/num_params 15004
wandb: optimizer/learning_rate 0
wandb:           test/accuracy 0.9065
wandb:                      +5 ...
wandb: 
wandb: 🚀 View run mnist_normal_adamw_3x18_15k at: https://wandb.ai/TAU-Frugal/stable-tiny/runs/r1o0v65h
wandb: ⭐️ View project at: https://wandb.ai/TAU-Frugal/stable-tiny
wandb: Synced 5 W&B file(s), 0 media file(s), 0 artifact file(s) and 0 other file(s)
wandb: Find logs at: results/wandb/run-20260713_140648-r1o0v65h/logs

[SGD] Epoch 156, train_loss=0.0033, validation_loss=1.0722, test_loss=0.3168 (+0.0024), train_acc=0.993, validation_acc=0.918, test_acc=0.907, lr=0.0001147
[SGD] Epoch 157, train_loss=0.0033, validation_loss=1.0751, test_loss=0.3165 (-0.0003), train_acc=0.993, validation_acc=0.918, test_acc=0.907, lr=0.0001098
[SGD] Epoch 158, train_loss=0.0033, validation_loss=1.0859, test_loss=0.3192 (+0.0027), train_acc=0.993, validation_acc=0.920, test_acc=0.907, lr=0.0001049
[SGD] Epoch 159, train_loss=0.0033, validation_loss=1.0928, test_loss=0.3208 (+0.0016), train_acc=0.993, validation_acc=0.918, test_acc=0.907, lr=0.0001002
[SGD] Epoch 160, train_loss=0.0033, validation_loss=1.1000, test_loss=0.3221 (+0.0013), train_acc=0.993, validation_acc=0.917, test_acc=0.906, lr=9.549e-05
[SGD] Epoch 161, train_loss=0.0033, validation_loss=1.1017, test_loss=0.3231 (+0.0009), train_acc=0.993, validation_acc=0.919, test_acc=0.907, lr=9.093e-05
[SGD] Epoch 162, train_loss=0.0033, validation_loss=1.1015, test_loss=0.3227 (-0.0003), train_acc=0.993, validation_acc=0.917, test_acc=0.906, lr=8.646e-05
[SGD] Epoch 163, train_loss=0.0033, validation_loss=1.1144, test_loss=0.3259 (+0.0032), train_acc=0.993, validation_acc=0.919, test_acc=0.907, lr=8.21e-05
[SGD] Epoch 164, train_loss=0.0033, validation_loss=1.1290, test_loss=0.3296 (+0.0037), train_acc=0.993, validation_acc=0.918, test_acc=0.907, lr=7.784e-05
[SGD] Epoch 165, train_loss=0.0033, validation_loss=1.1354, test_loss=0.3318 (+0.0021), train_acc=0.993, validation_acc=0.918, test_acc=0.907, lr=7.368e-05
[SGD] Epoch 166, train_loss=0.0033, validation_loss=1.1325, test_loss=0.3304 (-0.0014), train_acc=0.993, validation_acc=0.918, test_acc=0.907, lr=6.963e-05
[SGD] Epoch 167, train_loss=0.0033, validation_loss=1.1486, test_loss=0.3346 (+0.0043), train_acc=0.993, validation_acc=0.918, test_acc=0.907, lr=6.568e-05
[SGD] Epoch 168, train_loss=0.0033, validation_loss=1.1484, test_loss=0.3344 (-0.0002), train_acc=0.993, validation_acc=0.917, test_acc=0.906, lr=6.185e-05
[SGD] Epoch 169, train_loss=0.0033, validation_loss=1.1489, test_loss=0.3342 (-0.0002), train_acc=0.993, validation_acc=0.918, test_acc=0.906, lr=5.812e-05
[SGD] Epoch 170, train_loss=0.0033, validation_loss=1.1474, test_loss=0.3339 (-0.0003), train_acc=0.993, validation_acc=0.919, test_acc=0.908, lr=5.45e-05
[SGD] Epoch 171, train_loss=0.0032, validation_loss=1.1502, test_loss=0.3344 (+0.0005), train_acc=0.993, validation_acc=0.919, test_acc=0.907, lr=5.099e-05
[SGD] Epoch 172, train_loss=0.0032, validation_loss=1.1530, test_loss=0.3350 (+0.0006), train_acc=0.993, validation_acc=0.918, test_acc=0.906, lr=4.759e-05
[SGD] Epoch 173, train_loss=0.0032, validation_loss=1.1583, test_loss=0.3367 (+0.0017), train_acc=0.993, validation_acc=0.919, test_acc=0.906, lr=4.43e-05
[SGD] Epoch 174, train_loss=0.0032, validation_loss=1.1601, test_loss=0.3371 (+0.0004), train_acc=0.993, validation_acc=0.918, test_acc=0.905, lr=4.112e-05
[SGD] Epoch 175, train_loss=0.0032, validation_loss=1.1618, test_loss=0.3375 (+0.0004), train_acc=0.993, validation_acc=0.919, test_acc=0.906, lr=3.806e-05
[SGD] Epoch 176, train_loss=0.0032, validation_loss=1.1666, test_loss=0.3388 (+0.0014), train_acc=0.993, validation_acc=0.918, test_acc=0.905, lr=3.511e-05
[SGD] Epoch 177, train_loss=0.0032, validation_loss=1.1642, test_loss=0.3382 (-0.0007), train_acc=0.993, validation_acc=0.919, test_acc=0.906, lr=3.228e-05
[SGD] Epoch 178, train_loss=0.0032, validation_loss=1.1697, test_loss=0.3397 (+0.0016), train_acc=0.993, validation_acc=0.919, test_acc=0.907, lr=2.956e-05
[SGD] Epoch 179, train_loss=0.0032, validation_loss=1.1732, test_loss=0.3408 (+0.0011), train_acc=0.993, validation_acc=0.919, test_acc=0.906, lr=2.696e-05
[SGD] Epoch 180, train_loss=0.0032, validation_loss=1.1750, test_loss=0.3413 (+0.0005), train_acc=0.993, validation_acc=0.919, test_acc=0.907, lr=2.447e-05
[SGD] Epoch 181, train_loss=0.0032, validation_loss=1.1758, test_loss=0.3415 (+0.0002), train_acc=0.993, validation_acc=0.920, test_acc=0.907, lr=2.21e-05
[SGD] Epoch 182, train_loss=0.0032, validation_loss=1.1809, test_loss=0.3429 (+0.0014), train_acc=0.993, validation_acc=0.919, test_acc=0.906, lr=1.985e-05
[SGD] Epoch 183, train_loss=0.0032, validation_loss=1.1823, test_loss=0.3433 (+0.0004), train_acc=0.993, validation_acc=0.919, test_acc=0.906, lr=1.772e-05
[SGD] Epoch 184, train_loss=0.0032, validation_loss=1.1760, test_loss=0.3415 (-0.0018), train_acc=0.993, validation_acc=0.918, test_acc=0.906, lr=1.571e-05
[SGD] Epoch 185, train_loss=0.0032, validation_loss=1.1806, test_loss=0.3427 (+0.0013), train_acc=0.993, validation_acc=0.919, test_acc=0.906, lr=1.382e-05
[SGD] Epoch 186, train_loss=0.0032, validation_loss=1.1793, test_loss=0.3424 (-0.0004), train_acc=0.993, validation_acc=0.919, test_acc=0.907, lr=1.204e-05
[SGD] Epoch 187, train_loss=0.0032, validation_loss=1.1827, test_loss=0.3434 (+0.0010), train_acc=0.993, validation_acc=0.919, test_acc=0.906, lr=1.039e-05
[SGD] Epoch 188, train_loss=0.0032, validation_loss=1.1832, test_loss=0.3435 (+0.0001), train_acc=0.993, validation_acc=0.918, test_acc=0.906, lr=8.856e-06
[SGD] Epoch 189, train_loss=0.0032, validation_loss=1.1827, test_loss=0.3433 (-0.0001), train_acc=0.993, validation_acc=0.918, test_acc=0.906, lr=7.445e-06
[SGD] Epoch 190, train_loss=0.0032, validation_loss=1.1828, test_loss=0.3434 (+0.0000), train_acc=0.993, validation_acc=0.919, test_acc=0.906, lr=6.156e-06
[SGD] Epoch 191, train_loss=0.0032, validation_loss=1.1827, test_loss=0.3433 (-0.0000), train_acc=0.993, validation_acc=0.918, test_acc=0.906, lr=4.988e-06
[SGD] Epoch 192, train_loss=0.0032, validation_loss=1.1832, test_loss=0.3435 (+0.0001), train_acc=0.993, validation_acc=0.919, test_acc=0.906, lr=3.943e-06
[SGD] Epoch 193, train_loss=0.0032, validation_loss=1.1830, test_loss=0.3434 (-0.0001), train_acc=0.993, validation_acc=0.919, test_acc=0.906, lr=3.02e-06
[SGD] Epoch 194, train_loss=0.0032, validation_loss=1.1833, test_loss=0.3435 (+0.0001), train_acc=0.993, validation_acc=0.919, test_acc=0.906, lr=2.219e-06
[SGD] Epoch 195, train_loss=0.0032, validation_loss=1.1836, test_loss=0.3436 (+0.0001), train_acc=0.993, validation_acc=0.919, test_acc=0.906, lr=1.541e-06
[SGD] Epoch 196, train_loss=0.0032, validation_loss=1.1836, test_loss=0.3436 (+0.0000), train_acc=0.993, validation_acc=0.919, test_acc=0.906, lr=9.866e-07
[SGD] Epoch 197, train_loss=0.0032, validation_loss=1.1836, test_loss=0.3436 (-0.0000), train_acc=0.993, validation_acc=0.918, test_acc=0.906, lr=5.551e-07
[SGD] Epoch 198, train_loss=0.0032, validation_loss=1.1836, test_loss=0.3436 (+0.0000), train_acc=0.993, validation_acc=0.918, test_acc=0.906, lr=2.467e-07
[SGD] Epoch 199, train_loss=0.0032, validation_loss=1.1836, test_loss=0.3436 (+0.0000), train_acc=0.993, validation_acc=0.918, test_acc=0.906, lr=6.168e-08
[SGD] Epoch 200, train_loss=0.0032, validation_loss=1.1836, test_loss=0.3436 (+0.0000), train_acc=0.993, validation_acc=0.918, test_acc=0.906, lr=0
Saved history: results/mnist_normal_adamw_3x18_15k_history.json
