nohup: ignoring input
wandb: [wandb.login()] Using explicit session credentials for https://api.wandb.ai.
wandb: Appending key for api.wandb.ai to your netrc file: /home/santiago/.netrc
wandb: Currently logged in as: santiago-florido (TAU-Frugal) to https://api.wandb.ai. Use `wandb login --relogin` to force relogin
wandb: Tracking run with wandb version 0.28.0
wandb: Run data is saved locally in results/wandb/run-20260713_142115-wu9nt4yi
wandb: Run `wandb offline` to turn off syncing.
wandb: Syncing run mnist_fgd_grow_3x18_th050
wandb: ⭐️ View project at https://wandb.ai/TAU-Frugal/stable-tiny
wandb: 🚀 View run at https://wandb.ai/TAU-Frugal/stable-tiny/runs/wu9nt4yi
/home/santiago/StageFrugal/gromo/src/gromo/modules/growing_module.py:2138: UserWarning: input_extension_scaling is null. The input extension will have no effect.
  warnings.warn(
Using device: cuda
Training method: fgd_approx
W&B logging enabled: project=stable-tiny, run=mnist_fgd_grow_3x18_th050
Original model:
LinearGrowingModule(LinearGrowingModule(Layer 0))(in_features=784, out_features=18, use_bias=True)
LinearGrowingModule(LinearGrowingModule(Layer 1))(in_features=18, out_features=18, use_bias=True)
LinearGrowingModule(LinearGrowingModule(Layer 2))(in_features=18, out_features=18, use_bias=True)
LinearGrowingModule(LinearGrowingModule(Layer 3))(in_features=18, out_features=10, use_bias=True)
[INIT] Epoch 0, train_loss=0.2328, validation_loss=0.2316, test_loss=0.2335, train_acc=0.082, validation_acc=0.077, test_acc=0.079
[FGD] Epoch 1, train_loss=0.0744, validation_loss=0.0749, test_loss=0.0750 (-0.1585), train_acc=0.691, validation_acc=0.675, test_acc=0.686, lr=0.003421, rel_err=0.002, selected_layer=0
[FGD-WARN] Epoch 1: learning-rate clipped on 11 batch(es)
[FGD] Epoch 2, train_loss=0.0744, validation_loss=0.0749, test_loss=0.0750 (-0.0000), train_acc=0.691, validation_acc=0.675, test_acc=0.686, lr=1.139e-10, rel_err=0.002, selected_layer=0
[FGD] Epoch 3, train_loss=0.0744, validation_loss=0.0749, test_loss=0.0750 (+0.0000), train_acc=0.691, validation_acc=0.675, test_acc=0.686, lr=2.658e-11, rel_err=0.002, selected_layer=0
[FGD-WARN] Epoch 3: learning-rate clipped on 1 batch(es)
[FGD] Epoch 4, train_loss=0.0744, validation_loss=0.0749, test_loss=0.0750 (+0.0000), train_acc=0.691, validation_acc=0.675, test_acc=0.686, lr=1.139e-11, rel_err=0.002, selected_layer=0
[FGD] Epoch 5, train_loss=0.0744, validation_loss=0.0749, test_loss=0.0750 (-0.0000), train_acc=0.691, validation_acc=0.675, test_acc=0.686, lr=1.139e-11, rel_err=0.002, selected_layer=0
[FGD] Epoch 6, train_loss=0.0744, validation_loss=0.0749, test_loss=0.0750 (-0.0000), train_acc=0.691, validation_acc=0.675, test_acc=0.686, lr=1.519e-11, rel_err=0.002, selected_layer=0
[FGD] Epoch 7, train_loss=0.0744, validation_loss=0.0749, test_loss=0.0750 (+0.0000), train_acc=0.691, validation_acc=0.675, test_acc=0.686, lr=1.139e-11, rel_err=0.002, selected_layer=0
[FGD] Epoch 8, train_loss=0.0744, validation_loss=0.0749, test_loss=0.0750 (+0.0000), train_acc=0.691, validation_acc=0.675, test_acc=0.686, lr=7.593e-12, rel_err=0.002, selected_layer=0
[FGD] Epoch 9, train_loss=0.0744, validation_loss=0.0749, test_loss=0.0750 (+0.0000), train_acc=0.691, validation_acc=0.675, test_acc=0.686, lr=1.898e-11, rel_err=0.002, selected_layer=0
[FGD] Epoch 10, train_loss=0.0744, validation_loss=0.0749, test_loss=0.0750 (+0.0000), train_acc=0.691, validation_acc=0.675, test_acc=0.686, lr=7.593e-12, rel_err=0.002, selected_layer=0
[FGD] Epoch 11, train_loss=0.0744, validation_loss=0.0749, test_loss=0.0750 (+0.0000), train_acc=0.691, validation_acc=0.675, test_acc=0.686, lr=7.593e-12, rel_err=0.002, selected_layer=0
[FGD] Epoch 12, train_loss=0.0744, validation_loss=0.0749, test_loss=0.0750 (+0.0000), train_acc=0.691, validation_acc=0.675, test_acc=0.686, lr=3.796e-12, rel_err=0.002, selected_layer=0
[FGD] Epoch 13, train_loss=0.0744, validation_loss=0.0749, test_loss=0.0750 (+0.0000), train_acc=0.691, validation_acc=0.675, test_acc=0.686, lr=1.519e-11, rel_err=0.002, selected_layer=0
[FGD] Epoch 14, train_loss=0.0744, validation_loss=0.0749, test_loss=0.0750 (+0.0000), train_acc=0.691, validation_acc=0.675, test_acc=0.686, lr=3.796e-12, rel_err=0.002, selected_layer=0
[FGD] Epoch 15, train_loss=0.0744, validation_loss=0.0749, test_loss=0.0750 (-0.0000), train_acc=0.691, validation_acc=0.675, test_acc=0.686, lr=7.593e-12, rel_err=0.002, selected_layer=0
[FGD] Epoch 16, train_loss=0.0744, validation_loss=0.0749, test_loss=0.0750 (-0.0000), train_acc=0.691, validation_acc=0.675, test_acc=0.686, lr=3.796e-12, rel_err=0.002, selected_layer=0
[FGD] Epoch 17, train_loss=0.0744, validation_loss=0.0749, test_loss=0.0750 (+0.0000), train_acc=0.691, validation_acc=0.675, test_acc=0.686, lr=1.708e-11, rel_err=0.002, selected_layer=0
[FGD-WARN] Epoch 17: learning-rate clipped on 1 batch(es)
[FGD] Epoch 18, train_loss=0.0744, validation_loss=0.0749, test_loss=0.0750 (+0.0000), train_acc=0.691, validation_acc=0.675, test_acc=0.686, lr=3.796e-12, rel_err=0.002, selected_layer=0
[FGD] Epoch 19, train_loss=0.0744, validation_loss=0.0749, test_loss=0.0750 (+0.0000), train_acc=0.691, validation_acc=0.675, test_acc=0.686, lr=0, rel_err=0.002, selected_layer=0
[FGD-WARN] Epoch 19: stationary-point bound failed; global-convergence bound failed; FGD conditions request growth
[GRO] Growing layer 2 at epoch 19
  scaling=0, train_loss=0.0744
  scaling=1, train_loss=0.0752
  scaling=0.381966, train_loss=0.0740
  scaling=0.618034, train_loss=0.0738
  scaling=0.763932, train_loss=0.0740
  scaling=0.527864, train_loss=0.0738
  scaling=0.673762, train_loss=0.0738
  scaling=0.583592, train_loss=0.0738
  scaling=0.63932, train_loss=0.0738
  scaling=0.604878, train_loss=0.0738
  scaling=0.626165, train_loss=0.0738
  scaling=0.613009, train_loss=0.0738
  scaling=0.609903, train_loss=0.0738
  scaling=0.607984, train_loss=0.0738
  scaling=0.61109, train_loss=0.0738
  scaling=0.611823, train_loss=0.0738
[GRO] Epoch 19, train_loss=0.0738, validation_loss=0.0744, test_loss=0.0746 (-0.0005), train_acc=0.695, validation_acc=0.686, test_acc=0.690, scaling=0.6111
Model after growing:
LinearGrowingModule(LinearGrowingModule(Layer 0))(in_features=784, out_features=18, use_bias=True)
LinearGrowingModule(LinearGrowingModule(Layer 1))(in_features=18, out_features=18, use_bias=True)
LinearGrowingModule(LinearGrowingModule(Layer 2))(in_features=18, out_features=27, use_bias=True)
LinearGrowingModule(LinearGrowingModule(Layer 3))(in_features=27, out_features=10, use_bias=True)
[FGD] Epoch 20, train_loss=0.0691, validation_loss=0.0698, test_loss=0.0699 (-0.0047), train_acc=0.717, validation_acc=0.710, test_acc=0.717, lr=0.0003299, rel_err=0.002, selected_layer=0
[FGD-WARN] Epoch 20: learning-rate clipped on 10 batch(es)
[FGD] Epoch 21, train_loss=0.0691, validation_loss=0.0698, test_loss=0.0699 (-0.0000), train_acc=0.717, validation_acc=0.710, test_acc=0.717, lr=1.708e-10, rel_err=0.002, selected_layer=0
[FGD-WARN] Epoch 21: learning-rate clipped on 1 batch(es)
[FGD] Epoch 22, train_loss=0.0691, validation_loss=0.0698, test_loss=0.0699 (+0.0000), train_acc=0.717, validation_acc=0.710, test_acc=0.717, lr=1.139e-11, rel_err=0.002, selected_layer=0
[FGD] Epoch 23, train_loss=0.0691, validation_loss=0.0698, test_loss=0.0699 (+0.0000), train_acc=0.717, validation_acc=0.710, test_acc=0.717, lr=3.796e-12, rel_err=0.002, selected_layer=0
[FGD] Epoch 24, train_loss=0.0691, validation_loss=0.0698, test_loss=0.0699 (+0.0000), train_acc=0.717, validation_acc=0.710, test_acc=0.717, lr=1.519e-11, rel_err=0.002, selected_layer=0
[FGD] Epoch 25, train_loss=0.0691, validation_loss=0.0698, test_loss=0.0699 (+0.0000), train_acc=0.717, validation_acc=0.710, test_acc=0.717, lr=1.139e-11, rel_err=0.002, selected_layer=0
[FGD] Epoch 26, train_loss=0.0691, validation_loss=0.0698, test_loss=0.0699 (+0.0000), train_acc=0.717, validation_acc=0.710, test_acc=0.717, lr=5.695e-12, rel_err=0.002, selected_layer=0
[FGD-WARN] Epoch 26: learning-rate clipped on 1 batch(es)
[FGD] Epoch 27, train_loss=0.0691, validation_loss=0.0698, test_loss=0.0699 (+0.0000), train_acc=0.717, validation_acc=0.710, test_acc=0.717, lr=0, rel_err=0.002, selected_layer=0
[FGD-WARN] Epoch 27: stationary-point bound failed; global-convergence bound failed; FGD conditions request growth
[GRO] Growing layer 1 at epoch 27
  scaling=0, train_loss=0.0691
  scaling=1, train_loss=0.0707
  scaling=0.381966, train_loss=0.0691
  scaling=0.618034, train_loss=0.0693
  scaling=0.236068, train_loss=0.0691
  scaling=0.145898, train_loss=0.0691
  scaling=0.0901699, train_loss=0.0691
  scaling=0.18034, train_loss=0.0691
  scaling=0.124612, train_loss=0.0691
  scaling=0.159054, train_loss=0.0691
  scaling=0.137767, train_loss=0.0691
  scaling=0.150923, train_loss=0.0691
  scaling=0.142792, train_loss=0.0691
  scaling=0.147817, train_loss=0.0691
  scaling=0.144712, train_loss=0.0691
  scaling=0.146631, train_loss=0.0691
[GRO] Epoch 27, train_loss=0.0691, validation_loss=0.0698, test_loss=0.0699 (+0.0000), train_acc=0.717, validation_acc=0.711, test_acc=0.718, scaling=0.1459Traceback (most recent call last):
  File "<frozen runpy>", line 198, in _run_module_as_main
  File "<frozen runpy>", line 88, in _run_code
  File "/home/santiago/StageFrugal/stable-tiny/src/stable_tiny/__main__.py", line 109, in <module>
    main()
    ~~~~^^
  File "/home/santiago/StageFrugal/stable-tiny/src/stable_tiny/__main__.py", line 102, in main
    result = run_pipeline(config=config, progress=print)
  File "/home/santiago/StageFrugal/stable-tiny/src/stable_tiny/pipeline.py", line 1113, in run_pipeline
    certified_layer_index = select_certifying_growth_layer_index(
        model=model,
    ...<5 lines>...
        projection_group_size=current_projection_group_size,
    )
  File "/home/santiago/StageFrugal/stable-tiny/src/stable_tiny/fgd_approx.py", line 1390, in select_certifying_growth_layer_index
    growth_result = grow_layer(
        model=trial_model,
    ...<5 lines>...
        progress=None,
    )
  File "/home/santiago/StageFrugal/stable-tiny/src/stable_tiny/grow.py", line 202, in grow_layer
    best_value, best_loss, line_search = _golden_section_line_search(
                                         ~~~~~~~~~~~~~~~~~~~~~~~~~~~^
        model=model,
        ^^^^^^^^^^^^
    ...<4 lines>...
        progress=progress,
        ^^^^^^^^^^^^^^^^^^
    )
    ^
  File "/home/santiago/StageFrugal/stable-tiny/src/stable_tiny/grow.py", line 153, in _golden_section_line_search
    d_point = _evaluate_scaling_factor(
        model,
    ...<6 lines>...
        progress,
    )
  File "/home/santiago/StageFrugal/stable-tiny/src/stable_tiny/grow.py", line 63, in _evaluate_scaling_factor
    loss, _ = evaluate_model(
              ~~~~~~~~~~~~~~^
        model,
        ^^^^^^
    ...<3 lines>...
        device=device,
        ^^^^^^^^^^^^^^
    )
    ^
  File "/home/santiago/miniconda3/lib/python3.13/site-packages/torch/utils/_contextlib.py", line 124, in decorate_context
    return func(*args, **kwargs)
  File "/home/santiago/StageFrugal/gromo/src/gromo/utils/training_utils.py", line 229, in evaluate_model
    x, y = x.to(device), y.to(device)
                         ~~~~^^^^^^^^
KeyboardInterrupt
[1;34mwandb[0m: 
[1;34mwandb[0m: 🚀 View run [33mmnist_fgd_grow_3x18_th050[0m at: [34mhttps://wandb.ai/TAU-Frugal/stable-tiny/runs/wu9nt4yi[0m

Model after growing:
LinearGrowingModule(LinearGrowingModule(Layer 0))(in_features=784, out_features=18, use_bias=True)
LinearGrowingModule(LinearGrowingModule(Layer 1))(in_features=18, out_features=30, use_bias=True)
LinearGrowingModule(LinearGrowingModule(Layer 2))(in_features=30, out_features=27, use_bias=True)
LinearGrowingModule(LinearGrowingModule(Layer 3))(in_features=27, out_features=10, use_bias=True)
[FGD] Epoch 28, train_loss=0.0629, validation_loss=0.0635, test_loss=0.0637 (-0.0062), train_acc=0.746, validation_acc=0.738, test_acc=0.738, lr=0.0005387, rel_err=0.002, selected_layer=0
[FGD-WARN] Epoch 28: learning-rate clipped on 13 batch(es)
[FGD] Epoch 29, train_loss=0.0629, validation_loss=0.0635, test_loss=0.0637 (-0.0000), train_acc=0.746, validation_acc=0.738, test_acc=0.738, lr=1.929e-09, rel_err=0.002, selected_layer=0
[FGD-WARN] Epoch 29: learning-rate clipped on 2 batch(es)
[FGD] Epoch 30, train_loss=0.0629, validation_loss=0.0635, test_loss=0.0637 (+0.0000), train_acc=0.746, validation_acc=0.738, test_acc=0.738, lr=5.315e-11, rel_err=0.002, selected_layer=0
[FGD] Epoch 31, train_loss=0.0629, validation_loss=0.0635, test_loss=0.0637 (-0.0000), train_acc=0.746, validation_acc=0.738, test_acc=0.738, lr=2.658e-11, rel_err=0.002, selected_layer=0
[FGD-WARN] Epoch 31: learning-rate clipped on 1 batch(es)
[FGD] Epoch 32, train_loss=0.0629, validation_loss=0.0635, test_loss=0.0637 (+0.0000), train_acc=0.746, validation_acc=0.738, test_acc=0.738, lr=1.139e-11, rel_err=0.002, selected_layer=0
[FGD] Epoch 33, train_loss=0.0629, validation_loss=0.0635, test_loss=0.0637 (+0.0000), train_acc=0.746, validation_acc=0.738, test_acc=0.738, lr=7.593e-12, rel_err=0.002, selected_layer=0
[FGD] Epoch 34, train_loss=0.0629, validation_loss=0.0635, test_loss=0.0637 (+0.0000), train_acc=0.746, validation_acc=0.738, test_acc=0.738, lr=1.519e-11, rel_err=0.002, selected_layer=0
[FGD] Epoch 35, train_loss=0.0629, validation_loss=0.0635, test_loss=0.0637 (-0.0000), train_acc=0.746, validation_acc=0.738, test_acc=0.738, lr=7.593e-12, rel_err=0.002, selected_layer=0
[FGD] Epoch 36, train_loss=0.0629, validation_loss=0.0635, test_loss=0.0637 (+0.0000), train_acc=0.746, validation_acc=0.738, test_acc=0.738, lr=1.898e-11, rel_err=0.002, selected_layer=0
[FGD] Epoch 37, train_loss=0.0629, validation_loss=0.0635, test_loss=0.0637 (-0.0000), train_acc=0.746, validation_acc=0.738, test_acc=0.738, lr=3.796e-12, rel_err=0.002, selected_layer=0
[FGD] Epoch 38, train_loss=0.0629, validation_loss=0.0635, test_loss=0.0637 (-0.0000), train_acc=0.746, validation_acc=0.738, test_acc=0.738, lr=7.593e-12, rel_err=0.002, selected_layer=0
[FGD] Epoch 39, train_loss=0.0629, validation_loss=0.0635, test_loss=0.0637 (+0.0000), train_acc=0.746, validation_acc=0.738, test_acc=0.738, lr=0, rel_err=0.002, selected_layer=0
[FGD-WARN] Epoch 39: stationary-point bound failed; global-convergence bound failed; FGD conditions request growth
